2024-05-29T10:59:50.208+08:00  INFO 8080 --- [webapp] [restartedMain] com.library.webapp.WebAppApplication     : Starting WebAppApplication using Java 22.0.1 with PID 8080 (C:\Users\cyh20\Documents\MiniProject\MiniProjectLibraryRepos\WebApp\target\classes started by cyh20 in C:\Users\cyh20\Documents\MiniProject\MiniProjectLibraryRepos\WebApp)
2024-05-29T10:59:50.229+08:00  INFO 8080 --- [webapp] [restartedMain] com.library.webapp.WebAppApplication     : No active profile set, falling back to 1 default profile: "default"
2024-05-29T10:59:50.371+08:00  INFO 8080 --- [webapp] [restartedMain] .e.DevToolsPropertyDefaultsPostProcessor : Devtools property defaults active! Set 'spring.devtools.add-properties' to 'false' to disable
2024-05-29T10:59:50.373+08:00  INFO 8080 --- [webapp] [restartedMain] .e.DevToolsPropertyDefaultsPostProcessor : For additional web related logging consider setting the 'logging.level.web' property to 'DEBUG'
2024-05-29T10:59:52.677+08:00  INFO 8080 --- [webapp] [restartedMain] .s.d.r.c.RepositoryConfigurationDelegate : Bootstrapping Spring Data JPA repositories in DEFAULT mode.
2024-05-29T10:59:52.789+08:00  INFO 8080 --- [webapp] [restartedMain] .s.d.r.c.RepositoryConfigurationDelegate : Finished Spring Data repository scanning in 95 ms. Found 1 JPA repository interface.
2024-05-29T10:59:54.579+08:00  INFO 8080 --- [webapp] [restartedMain] o.s.b.w.embedded.tomcat.TomcatWebServer  : Tomcat initialized with port 8082 (http)
2024-05-29T10:59:54.618+08:00  INFO 8080 --- [webapp] [restartedMain] o.apache.catalina.core.StandardService   : Starting service [Tomcat]
2024-05-29T10:59:54.619+08:00  INFO 8080 --- [webapp] [restartedMain] o.apache.catalina.core.StandardEngine    : Starting Servlet engine: [Apache Tomcat/10.1.20]
2024-05-29T10:59:54.747+08:00  INFO 8080 --- [webapp] [restartedMain] o.a.c.c.C.[Tomcat].[localhost].[/]       : Initializing Spring embedded WebApplicationContext
2024-05-29T10:59:54.748+08:00  INFO 8080 --- [webapp] [restartedMain] w.s.c.ServletWebServerApplicationContext : Root WebApplicationContext: initialization completed in 4374 ms
2024-05-29T10:59:55.457+08:00  INFO 8080 --- [webapp] [restartedMain] o.hibernate.jpa.internal.util.LogHelper  : HHH000204: Processing PersistenceUnitInfo [name: default]
2024-05-29T10:59:55.623+08:00  INFO 8080 --- [webapp] [restartedMain] org.hibernate.Version                    : HHH000412: Hibernate ORM core version 6.4.4.Final
2024-05-29T10:59:55.707+08:00  INFO 8080 --- [webapp] [restartedMain] o.h.c.internal.RegionFactoryInitiator    : HHH000026: Second-level cache disabled
2024-05-29T10:59:56.281+08:00  INFO 8080 --- [webapp] [restartedMain] o.s.o.j.p.SpringPersistenceUnitInfo      : No LoadTimeWeaver setup: ignoring JPA class transformer
2024-05-29T10:59:56.341+08:00  INFO 8080 --- [webapp] [restartedMain] com.zaxxer.hikari.HikariDataSource       : HikariPool-1 - Starting...
2024-05-29T10:59:57.184+08:00  INFO 8080 --- [webapp] [restartedMain] com.zaxxer.hikari.pool.HikariPool        : HikariPool-1 - Added connection com.mysql.cj.jdbc.ConnectionImpl@67f4c877
2024-05-29T10:59:57.190+08:00  INFO 8080 --- [webapp] [restartedMain] com.zaxxer.hikari.HikariDataSource       : HikariPool-1 - Start completed.
2024-05-29T10:59:57.423+08:00  WARN 8080 --- [webapp] [restartedMain] org.hibernate.orm.deprecation            : HHH90000025: MySQLDialect does not need to be specified explicitly using 'hibernate.dialect' (remove the property setting and it will be selected by default)
2024-05-29T10:59:59.335+08:00  INFO 8080 --- [webapp] [restartedMain] o.h.e.t.j.p.i.JtaPlatformInitiator       : HHH000489: No JTA platform available (set 'hibernate.transaction.jta.platform' to enable JTA platform integration)
2024-05-29T10:59:59.434+08:00  INFO 8080 --- [webapp] [restartedMain] j.LocalContainerEntityManagerFactoryBean : Initialized JPA EntityManagerFactory for persistence unit 'default'
2024-05-29T11:00:00.274+08:00  INFO 8080 --- [webapp] [restartedMain] o.s.d.j.r.query.QueryEnhancerFactory     : Hibernate is in classpath; If applicable, HQL parser will be used.
2024-05-29T11:00:00.439+08:00  WARN 8080 --- [webapp] [restartedMain] JpaBaseConfiguration$JpaWebConfiguration : spring.jpa.open-in-view is enabled by default. Therefore, database queries may be performed during view rendering. Explicitly configure spring.jpa.open-in-view to disable this warning
2024-05-29T11:00:02.004+08:00  WARN 8080 --- [webapp] [restartedMain] o.s.b.d.a.OptionalLiveReloadServer       : Unable to start LiveReload server
2024-05-29T11:00:02.061+08:00  INFO 8080 --- [webapp] [restartedMain] o.s.b.w.embedded.tomcat.TomcatWebServer  : Tomcat started on port 8082 (http) with context path ''
2024-05-29T11:00:02.078+08:00  INFO 8080 --- [webapp] [restartedMain] com.library.webapp.WebAppApplication     : Started WebAppApplication in 13.107 seconds (process running for 14.565)
2024-05-29T11:11:58.338+08:00  INFO 8080 --- [webapp] [SpringApplicationShutdownHook] j.LocalContainerEntityManagerFactoryBean : Closing JPA EntityManagerFactory for persistence unit 'default'
2024-05-29T11:11:58.346+08:00  INFO 8080 --- [webapp] [SpringApplicationShutdownHook] com.zaxxer.hikari.HikariDataSource       : HikariPool-1 - Shutdown initiated...
2024-05-29T11:11:58.370+08:00  INFO 8080 --- [webapp] [SpringApplicationShutdownHook] com.zaxxer.hikari.HikariDataSource       : HikariPool-1 - Shutdown completed.
2024-05-29T11:12:06.217+08:00  INFO 6176 --- [webapp] [restartedMain] com.library.webapp.WebAppApplication     : Starting WebAppApplication using Java 22.0.1 with PID 6176 (C:\Users\cyh20\Documents\MiniProject\MiniProjectLibraryRepos\WebApp\target\classes started by cyh20 in C:\Users\cyh20\Documents\MiniProject\MiniProjectLibraryRepos\WebApp)
2024-05-29T11:12:06.223+08:00  INFO 6176 --- [webapp] [restartedMain] com.library.webapp.WebAppApplication     : No active profile set, falling back to 1 default profile: "default"
2024-05-29T11:12:06.344+08:00  INFO 6176 --- [webapp] [restartedMain] .e.DevToolsPropertyDefaultsPostProcessor : Devtools property defaults active! Set 'spring.devtools.add-properties' to 'false' to disable
2024-05-29T11:12:06.344+08:00  INFO 6176 --- [webapp] [restartedMain] .e.DevToolsPropertyDefaultsPostProcessor : For additional web related logging consider setting the 'logging.level.web' property to 'DEBUG'
2024-05-29T11:12:08.998+08:00  INFO 6176 --- [webapp] [restartedMain] .s.d.r.c.RepositoryConfigurationDelegate : Bootstrapping Spring Data JPA repositories in DEFAULT mode.
2024-05-29T11:12:09.176+08:00  INFO 6176 --- [webapp] [restartedMain] .s.d.r.c.RepositoryConfigurationDelegate : Finished Spring Data repository scanning in 133 ms. Found 1 JPA repository interface.
2024-05-29T11:12:11.349+08:00  INFO 6176 --- [webapp] [restartedMain] o.s.b.w.embedded.tomcat.TomcatWebServer  : Tomcat initialized with port 8082 (http)
2024-05-29T11:12:11.485+08:00  INFO 6176 --- [webapp] [restartedMain] o.apache.catalina.core.StandardService   : Starting service [Tomcat]
2024-05-29T11:12:11.486+08:00  INFO 6176 --- [webapp] [restartedMain] o.apache.catalina.core.StandardEngine    : Starting Servlet engine: [Apache Tomcat/10.1.20]
2024-05-29T11:12:11.710+08:00  INFO 6176 --- [webapp] [restartedMain] o.a.c.c.C.[Tomcat].[localhost].[/]       : Initializing Spring embedded WebApplicationContext
2024-05-29T11:12:11.711+08:00  INFO 6176 --- [webapp] [restartedMain] w.s.c.ServletWebServerApplicationContext : Root WebApplicationContext: initialization completed in 5366 ms
2024-05-29T11:12:12.248+08:00  INFO 6176 --- [webapp] [restartedMain] o.hibernate.jpa.internal.util.LogHelper  : HHH000204: Processing PersistenceUnitInfo [name: default]
2024-05-29T11:12:12.616+08:00  INFO 6176 --- [webapp] [restartedMain] org.hibernate.Version                    : HHH000412: Hibernate ORM core version 6.4.4.Final
2024-05-29T11:12:12.688+08:00  INFO 6176 --- [webapp] [restartedMain] o.h.c.internal.RegionFactoryInitiator    : HHH000026: Second-level cache disabled
2024-05-29T11:12:13.181+08:00  INFO 6176 --- [webapp] [restartedMain] o.s.o.j.p.SpringPersistenceUnitInfo      : No LoadTimeWeaver setup: ignoring JPA class transformer
2024-05-29T11:12:13.241+08:00  INFO 6176 --- [webapp] [restartedMain] com.zaxxer.hikari.HikariDataSource       : HikariPool-1 - Starting...
2024-05-29T11:12:13.897+08:00  INFO 6176 --- [webapp] [restartedMain] com.zaxxer.hikari.pool.HikariPool        : HikariPool-1 - Added connection com.mysql.cj.jdbc.ConnectionImpl@7bed3e6c
2024-05-29T11:12:13.902+08:00  INFO 6176 --- [webapp] [restartedMain] com.zaxxer.hikari.HikariDataSource       : HikariPool-1 - Start completed.
2024-05-29T11:12:14.066+08:00  WARN 6176 --- [webapp] [restartedMain] org.hibernate.orm.deprecation            : HHH90000025: MySQLDialect does not need to be specified explicitly using 'hibernate.dialect' (remove the property setting and it will be selected by default)
2024-05-29T11:12:16.048+08:00  INFO 6176 --- [webapp] [restartedMain] o.h.e.t.j.p.i.JtaPlatformInitiator       : HHH000489: No JTA platform available (set 'hibernate.transaction.jta.platform' to enable JTA platform integration)
2024-05-29T11:12:16.151+08:00  INFO 6176 --- [webapp] [restartedMain] j.LocalContainerEntityManagerFactoryBean : Initialized JPA EntityManagerFactory for persistence unit 'default'
2024-05-29T11:12:17.074+08:00  INFO 6176 --- [webapp] [restartedMain] o.s.d.j.r.query.QueryEnhancerFactory     : Hibernate is in classpath; If applicable, HQL parser will be used.
2024-05-29T11:12:17.238+08:00  WARN 6176 --- [webapp] [restartedMain] JpaBaseConfiguration$JpaWebConfiguration : spring.jpa.open-in-view is enabled by default. Therefore, database queries may be performed during view rendering. Explicitly configure spring.jpa.open-in-view to disable this warning
2024-05-29T11:12:18.671+08:00  WARN 6176 --- [webapp] [restartedMain] o.s.b.d.a.OptionalLiveReloadServer       : Unable to start LiveReload server
2024-05-29T11:12:18.731+08:00  INFO 6176 --- [webapp] [restartedMain] o.s.b.w.embedded.tomcat.TomcatWebServer  : Tomcat started on port 8082 (http) with context path ''
2024-05-29T11:12:18.766+08:00  INFO 6176 --- [webapp] [restartedMain] com.library.webapp.WebAppApplication     : Started WebAppApplication in 13.93 seconds (process running for 15.992)
2024-05-29T11:28:32.061+08:00  INFO 6176 --- [webapp] [http-nio-8082-exec-2] o.a.c.c.C.[Tomcat].[localhost].[/]       : Initializing Spring DispatcherServlet 'dispatcherServlet'
2024-05-29T11:28:32.062+08:00  INFO 6176 --- [webapp] [http-nio-8082-exec-2] o.s.web.servlet.DispatcherServlet        : Initializing Servlet 'dispatcherServlet'
2024-05-29T11:28:32.063+08:00  INFO 6176 --- [webapp] [http-nio-8082-exec-2] o.s.web.servlet.DispatcherServlet        : Completed initialization in 1 ms
