2024-07-09T10:24:08.791+08:00  INFO 14496 --- [Login] [restartedMain] com.library.login.LoginApplication       : Starting LoginApplication using Java 22.0.1 with PID 14496 (C:\Users\cyh20\Documents\MiniProject\MiniProjectLibraryRepos\Login\target\classes started by cyh20 in C:\Users\cyh20\Documents\MiniProject\MiniProjectLibraryRepos\Login)
2024-07-09T10:24:08.815+08:00  INFO 14496 --- [Login] [restartedMain] com.library.login.LoginApplication       : No active profile set, falling back to 1 default profile: "default"
2024-07-09T10:24:08.931+08:00  INFO 14496 --- [Login] [restartedMain] .e.DevToolsPropertyDefaultsPostProcessor : Devtools property defaults active! Set 'spring.devtools.add-properties' to 'false' to disable
2024-07-09T10:24:08.932+08:00  INFO 14496 --- [Login] [restartedMain] .e.DevToolsPropertyDefaultsPostProcessor : For additional web related logging consider setting the 'logging.level.web' property to 'DEBUG'
2024-07-09T10:24:10.575+08:00  INFO 14496 --- [Login] [restartedMain] .s.d.r.c.RepositoryConfigurationDelegate : Bootstrapping Spring Data JPA repositories in DEFAULT mode.
2024-07-09T10:24:10.667+08:00  INFO 14496 --- [Login] [restartedMain] .s.d.r.c.RepositoryConfigurationDelegate : Finished Spring Data repository scanning in 81 ms. Found 1 JPA repository interface.
2024-07-09T10:24:12.169+08:00  INFO 14496 --- [Login] [restartedMain] o.s.b.w.embedded.tomcat.TomcatWebServer  : Tomcat initialized with port 8081 (http)
2024-07-09T10:24:12.258+08:00  INFO 14496 --- [Login] [restartedMain] o.apache.catalina.core.StandardService   : Starting service [Tomcat]
2024-07-09T10:24:12.261+08:00  INFO 14496 --- [Login] [restartedMain] o.apache.catalina.core.StandardEngine    : Starting Servlet engine: [Apache Tomcat/10.1.20]
2024-07-09T10:24:12.423+08:00  INFO 14496 --- [Login] [restartedMain] o.a.c.c.C.[Tomcat].[localhost].[/]       : Initializing Spring embedded WebApplicationContext
2024-07-09T10:24:12.424+08:00  INFO 14496 --- [Login] [restartedMain] w.s.c.ServletWebServerApplicationContext : Root WebApplicationContext: initialization completed in 3490 ms
2024-07-09T10:24:12.840+08:00  INFO 14496 --- [Login] [restartedMain] o.hibernate.jpa.internal.util.LogHelper  : HHH000204: Processing PersistenceUnitInfo [name: default]
2024-07-09T10:24:13.087+08:00  INFO 14496 --- [Login] [restartedMain] org.hibernate.Version                    : HHH000412: Hibernate ORM core version 6.4.4.Final
2024-07-09T10:24:13.172+08:00  INFO 14496 --- [Login] [restartedMain] o.h.c.internal.RegionFactoryInitiator    : HHH000026: Second-level cache disabled
2024-07-09T10:24:13.665+08:00  INFO 14496 --- [Login] [restartedMain] o.s.o.j.p.SpringPersistenceUnitInfo      : No LoadTimeWeaver setup: ignoring JPA class transformer
2024-07-09T10:24:13.714+08:00  INFO 14496 --- [Login] [restartedMain] com.zaxxer.hikari.HikariDataSource       : HikariPool-1 - Starting...
2024-07-09T10:24:15.102+08:00  INFO 14496 --- [Login] [restartedMain] com.zaxxer.hikari.pool.HikariPool        : HikariPool-1 - Added connection com.mysql.cj.jdbc.ConnectionImpl@26d9a744
2024-07-09T10:24:15.105+08:00  INFO 14496 --- [Login] [restartedMain] com.zaxxer.hikari.HikariDataSource       : HikariPool-1 - Start completed.
2024-07-09T10:24:15.192+08:00  WARN 14496 --- [Login] [restartedMain] org.hibernate.orm.deprecation            : HHH90000025: MySQLDialect does not need to be specified explicitly using 'hibernate.dialect' (remove the property setting and it will be selected by default)
2024-07-09T10:24:16.207+08:00  INFO 14496 --- [Login] [restartedMain] o.h.e.t.j.p.i.JtaPlatformInitiator       : HHH000489: No JTA platform available (set 'hibernate.transaction.jta.platform' to enable JTA platform integration)
2024-07-09T10:24:16.284+08:00  INFO 14496 --- [Login] [restartedMain] j.LocalContainerEntityManagerFactoryBean : Initialized JPA EntityManagerFactory for persistence unit 'default'
2024-07-09T10:24:16.643+08:00  INFO 14496 --- [Login] [restartedMain] o.s.d.j.r.query.QueryEnhancerFactory     : Hibernate is in classpath; If applicable, HQL parser will be used.
2024-07-09T10:24:16.822+08:00  WARN 14496 --- [Login] [restartedMain] JpaBaseConfiguration$JpaWebConfiguration : spring.jpa.open-in-view is enabled by default. Therefore, database queries may be performed during view rendering. Explicitly configure spring.jpa.open-in-view to disable this warning
2024-07-09T10:24:17.562+08:00  INFO 14496 --- [Login] [restartedMain] o.s.b.d.a.OptionalLiveReloadServer       : LiveReload server is running on port 35729
2024-07-09T10:24:17.626+08:00  INFO 14496 --- [Login] [restartedMain] o.s.b.w.embedded.tomcat.TomcatWebServer  : Tomcat started on port 8081 (http) with context path ''
2024-07-09T10:24:17.652+08:00  INFO 14496 --- [Login] [restartedMain] com.library.login.LoginApplication       : Started LoginApplication in 9.896 seconds (process running for 10.914)
2024-07-09T10:27:08.698+08:00  INFO 14496 --- [Login] [http-nio-8081-exec-1] o.a.c.c.C.[Tomcat].[localhost].[/]       : Initializing Spring DispatcherServlet 'dispatcherServlet'
2024-07-09T10:27:08.698+08:00  INFO 14496 --- [Login] [http-nio-8081-exec-1] o.s.web.servlet.DispatcherServlet        : Initializing Servlet 'dispatcherServlet'
2024-07-09T10:27:08.699+08:00  INFO 14496 --- [Login] [http-nio-8081-exec-1] o.s.web.servlet.DispatcherServlet        : Completed initialization in 1 ms
2024-07-09T12:04:35.568+08:00  WARN 14496 --- [Login] [HikariPool-1 housekeeper] com.zaxxer.hikari.pool.HikariPool        : HikariPool-1 - Thread starvation or clock leap detected (housekeeper delta=1h3m50s163ms913µs800ns).
2024-07-09T13:54:11.883+08:00  INFO 14496 --- [Login] [File Watcher] rtingClassPathChangeChangedEventListener : Restarting due to 1 class path change (0 additions, 0 deletions, 1 modification)
2024-07-09T13:54:12.490+08:00  INFO 14496 --- [Login] [Thread-5] j.LocalContainerEntityManagerFactoryBean : Closing JPA EntityManagerFactory for persistence unit 'default'
2024-07-09T13:54:12.821+08:00  INFO 14496 --- [Login] [Thread-5] com.zaxxer.hikari.HikariDataSource       : HikariPool-1 - Shutdown initiated...
2024-07-09T13:54:12.911+08:00  INFO 14496 --- [Login] [Thread-5] com.zaxxer.hikari.HikariDataSource       : HikariPool-1 - Shutdown completed.
2024-07-09T13:54:15.294+08:00  INFO 14496 --- [Login] [restartedMain] com.library.login.LoginApplication       : Starting LoginApplication using Java 22.0.1 with PID 14496 (C:\Users\cyh20\Documents\MiniProject\MiniProjectLibraryRepos\Login\target\classes started by cyh20 in C:\Users\cyh20\Documents\MiniProject\MiniProjectLibraryRepos\Login)
2024-07-09T13:54:15.295+08:00  INFO 14496 --- [Login] [restartedMain] com.library.login.LoginApplication       : No active profile set, falling back to 1 default profile: "default"
2024-07-09T13:54:17.046+08:00  INFO 14496 --- [Login] [restartedMain] .s.d.r.c.RepositoryConfigurationDelegate : Bootstrapping Spring Data JPA repositories in DEFAULT mode.
2024-07-09T13:54:17.110+08:00  INFO 14496 --- [Login] [restartedMain] .s.d.r.c.RepositoryConfigurationDelegate : Finished Spring Data repository scanning in 62 ms. Found 1 JPA repository interface.
2024-07-09T13:54:17.782+08:00  INFO 14496 --- [Login] [restartedMain] o.s.b.w.embedded.tomcat.TomcatWebServer  : Tomcat initialized with port 8081 (http)
2024-07-09T13:54:17.795+08:00  INFO 14496 --- [Login] [restartedMain] o.apache.catalina.core.StandardService   : Starting service [Tomcat]
2024-07-09T13:54:17.796+08:00  INFO 14496 --- [Login] [restartedMain] o.apache.catalina.core.StandardEngine    : Starting Servlet engine: [Apache Tomcat/10.1.20]
2024-07-09T13:54:18.145+08:00  INFO 14496 --- [Login] [restartedMain] o.a.c.c.C.[Tomcat].[localhost].[/]       : Initializing Spring embedded WebApplicationContext
2024-07-09T13:54:18.146+08:00  INFO 14496 --- [Login] [restartedMain] w.s.c.ServletWebServerApplicationContext : Root WebApplicationContext: initialization completed in 2822 ms
2024-07-09T13:54:18.269+08:00  INFO 14496 --- [Login] [restartedMain] o.hibernate.jpa.internal.util.LogHelper  : HHH000204: Processing PersistenceUnitInfo [name: default]
2024-07-09T13:54:18.276+08:00  INFO 14496 --- [Login] [restartedMain] o.h.c.internal.RegionFactoryInitiator    : HHH000026: Second-level cache disabled
2024-07-09T13:54:18.293+08:00  INFO 14496 --- [Login] [restartedMain] o.s.o.j.p.SpringPersistenceUnitInfo      : No LoadTimeWeaver setup: ignoring JPA class transformer
2024-07-09T13:54:18.296+08:00  INFO 14496 --- [Login] [restartedMain] com.zaxxer.hikari.HikariDataSource       : HikariPool-2 - Starting...
2024-07-09T13:54:18.322+08:00  INFO 14496 --- [Login] [restartedMain] com.zaxxer.hikari.pool.HikariPool        : HikariPool-2 - Added connection com.mysql.cj.jdbc.ConnectionImpl@6bd5a0c4
2024-07-09T13:54:18.323+08:00  INFO 14496 --- [Login] [restartedMain] com.zaxxer.hikari.HikariDataSource       : HikariPool-2 - Start completed.
2024-07-09T13:54:18.326+08:00  WARN 14496 --- [Login] [restartedMain] org.hibernate.orm.deprecation            : HHH90000025: MySQLDialect does not need to be specified explicitly using 'hibernate.dialect' (remove the property setting and it will be selected by default)
2024-07-09T13:54:18.516+08:00  INFO 14496 --- [Login] [restartedMain] o.h.e.t.j.p.i.JtaPlatformInitiator       : HHH000489: No JTA platform available (set 'hibernate.transaction.jta.platform' to enable JTA platform integration)
2024-07-09T13:54:18.554+08:00  INFO 14496 --- [Login] [restartedMain] j.LocalContainerEntityManagerFactoryBean : Initialized JPA EntityManagerFactory for persistence unit 'default'
2024-07-09T13:54:19.006+08:00  WARN 14496 --- [Login] [restartedMain] JpaBaseConfiguration$JpaWebConfiguration : spring.jpa.open-in-view is enabled by default. Therefore, database queries may be performed during view rendering. Explicitly configure spring.jpa.open-in-view to disable this warning
2024-07-09T13:54:19.497+08:00  INFO 14496 --- [Login] [restartedMain] o.s.b.d.a.OptionalLiveReloadServer       : LiveReload server is running on port 35729
2024-07-09T13:54:19.512+08:00  INFO 14496 --- [Login] [restartedMain] o.s.b.w.embedded.tomcat.TomcatWebServer  : Tomcat started on port 8081 (http) with context path ''
2024-07-09T13:54:19.519+08:00  INFO 14496 --- [Login] [restartedMain] com.library.login.LoginApplication       : Started LoginApplication in 4.637 seconds (process running for 12613.103)
2024-07-09T13:54:19.522+08:00  INFO 14496 --- [Login] [restartedMain] .ConditionEvaluationDeltaLoggingListener : Condition evaluation unchanged
2024-07-09T15:50:28.190+08:00  INFO 14496 --- [Login] [File Watcher] rtingClassPathChangeChangedEventListener : Restarting due to 16 class path changes (0 additions, 16 deletions, 0 modifications)
2024-07-09T15:50:28.411+08:00  INFO 14496 --- [Login] [Thread-7] j.LocalContainerEntityManagerFactoryBean : Closing JPA EntityManagerFactory for persistence unit 'default'
2024-07-09T15:50:28.608+08:00  INFO 14496 --- [Login] [Thread-7] com.zaxxer.hikari.HikariDataSource       : HikariPool-2 - Shutdown initiated...
2024-07-09T15:50:28.711+08:00  INFO 14496 --- [Login] [Thread-7] com.zaxxer.hikari.HikariDataSource       : HikariPool-2 - Shutdown completed.
2024-07-09T15:50:35.461+08:00  INFO 14496 --- [Login] [restartedMain] com.library.login.LoginApplication       : Starting LoginApplication using Java 22.0.1 with PID 14496 (C:\Users\cyh20\Documents\MiniProject\MiniProjectLibraryRepos\Login\target\classes started by cyh20 in C:\Users\cyh20\Documents\MiniProject\MiniProjectLibraryRepos\Login)
2024-07-09T15:50:35.463+08:00  INFO 14496 --- [Login] [restartedMain] com.library.login.LoginApplication       : No active profile set, falling back to 1 default profile: "default"
2024-07-09T15:50:36.484+08:00  INFO 14496 --- [Login] [restartedMain] .s.d.r.c.RepositoryConfigurationDelegate : Bootstrapping Spring Data JPA repositories in DEFAULT mode.
2024-07-09T15:50:36.526+08:00  INFO 14496 --- [Login] [restartedMain] .s.d.r.c.RepositoryConfigurationDelegate : Finished Spring Data repository scanning in 41 ms. Found 1 JPA repository interface.
2024-07-09T15:50:36.839+08:00  INFO 14496 --- [Login] [restartedMain] o.s.b.w.embedded.tomcat.TomcatWebServer  : Tomcat initialized with port 8081 (http)
2024-07-09T15:50:36.853+08:00  INFO 14496 --- [Login] [restartedMain] o.apache.catalina.core.StandardService   : Starting service [Tomcat]
2024-07-09T15:50:36.853+08:00  INFO 14496 --- [Login] [restartedMain] o.apache.catalina.core.StandardEngine    : Starting Servlet engine: [Apache Tomcat/10.1.20]
2024-07-09T15:50:37.035+08:00  INFO 14496 --- [Login] [restartedMain] o.a.c.c.C.[Tomcat-1].[localhost].[/]     : Initializing Spring embedded WebApplicationContext
2024-07-09T15:50:37.037+08:00  INFO 14496 --- [Login] [restartedMain] w.s.c.ServletWebServerApplicationContext : Root WebApplicationContext: initialization completed in 1569 ms
2024-07-09T15:50:37.309+08:00  INFO 14496 --- [Login] [restartedMain] o.hibernate.jpa.internal.util.LogHelper  : HHH000204: Processing PersistenceUnitInfo [name: default]
2024-07-09T15:50:37.315+08:00  INFO 14496 --- [Login] [restartedMain] o.h.c.internal.RegionFactoryInitiator    : HHH000026: Second-level cache disabled
2024-07-09T15:50:37.325+08:00  INFO 14496 --- [Login] [restartedMain] o.s.o.j.p.SpringPersistenceUnitInfo      : No LoadTimeWeaver setup: ignoring JPA class transformer
2024-07-09T15:50:37.327+08:00  INFO 14496 --- [Login] [restartedMain] com.zaxxer.hikari.HikariDataSource       : HikariPool-3 - Starting...
2024-07-09T15:50:37.435+08:00  INFO 14496 --- [Login] [restartedMain] com.zaxxer.hikari.pool.HikariPool        : HikariPool-3 - Added connection com.mysql.cj.jdbc.ConnectionImpl@3a91cfb0
2024-07-09T15:50:37.436+08:00  INFO 14496 --- [Login] [restartedMain] com.zaxxer.hikari.HikariDataSource       : HikariPool-3 - Start completed.
2024-07-09T15:50:37.440+08:00  WARN 14496 --- [Login] [restartedMain] org.hibernate.orm.deprecation            : HHH90000025: MySQLDialect does not need to be specified explicitly using 'hibernate.dialect' (remove the property setting and it will be selected by default)
2024-07-09T15:50:37.467+08:00  INFO 14496 --- [Login] [restartedMain] o.h.e.t.j.p.i.JtaPlatformInitiator       : HHH000489: No JTA platform available (set 'hibernate.transaction.jta.platform' to enable JTA platform integration)
2024-07-09T15:50:37.467+08:00  INFO 14496 --- [Login] [restartedMain] j.LocalContainerEntityManagerFactoryBean : Initialized JPA EntityManagerFactory for persistence unit 'default'
2024-07-09T15:50:37.481+08:00  WARN 14496 --- [Login] [restartedMain] ConfigServletWebServerApplicationContext : Exception encountered during context initialization - cancelling refresh attempt: org.springframework.beans.factory.BeanCreationException: Error creating bean with name 'loginController': Lookup method resolution failed
2024-07-09T15:50:37.482+08:00  INFO 14496 --- [Login] [restartedMain] j.LocalContainerEntityManagerFactoryBean : Closing JPA EntityManagerFactory for persistence unit 'default'
2024-07-09T15:50:37.482+08:00  INFO 14496 --- [Login] [restartedMain] com.zaxxer.hikari.HikariDataSource       : HikariPool-3 - Shutdown initiated...
2024-07-09T15:50:37.719+08:00  INFO 14496 --- [Login] [restartedMain] com.zaxxer.hikari.HikariDataSource       : HikariPool-3 - Shutdown completed.
2024-07-09T15:50:37.720+08:00  INFO 14496 --- [Login] [restartedMain] o.apache.catalina.core.StandardService   : Stopping service [Tomcat]
2024-07-09T15:50:37.727+08:00  INFO 14496 --- [Login] [restartedMain] .s.b.a.l.ConditionEvaluationReportLogger : 

Error starting ApplicationContext. To display the condition evaluation report re-run your application with 'debug' enabled.
2024-07-09T15:50:37.738+08:00 ERROR 14496 --- [Login] [restartedMain] o.s.boot.SpringApplication               : Application run failed

org.springframework.beans.factory.BeanCreationException: Error creating bean with name 'loginController': Lookup method resolution failed
	at org.springframework.beans.factory.annotation.AutowiredAnnotationBeanPostProcessor.checkLookupMethods(AutowiredAnnotationBeanPostProcessor.java:497) ~[spring-beans-6.1.6.jar:6.1.6]
	at org.springframework.beans.factory.annotation.AutowiredAnnotationBeanPostProcessor.determineCandidateConstructors(AutowiredAnnotationBeanPostProcessor.java:367) ~[spring-beans-6.1.6.jar:6.1.6]
	at org.springframework.beans.factory.support.AbstractAutowireCapableBeanFactory.determineConstructorsFromBeanPostProcessors(AbstractAutowireCapableBeanFactory.java:1294) ~[spring-beans-6.1.6.jar:6.1.6]
	at org.springframework.beans.factory.support.AbstractAutowireCapableBeanFactory.createBeanInstance(AbstractAutowireCapableBeanFactory.java:1189) ~[spring-beans-6.1.6.jar:6.1.6]
	at org.springframework.beans.factory.support.AbstractAutowireCapableBeanFactory.doCreateBean(AbstractAutowireCapableBeanFactory.java:562) ~[spring-beans-6.1.6.jar:6.1.6]
	at org.springframework.beans.factory.support.AbstractAutowireCapableBeanFactory.createBean(AbstractAutowireCapableBeanFactory.java:522) ~[spring-beans-6.1.6.jar:6.1.6]
	at org.springframework.beans.factory.support.AbstractBeanFactory.lambda$doGetBean$0(AbstractBeanFactory.java:326) ~[spring-beans-6.1.6.jar:6.1.6]
	at org.springframework.beans.factory.support.DefaultSingletonBeanRegistry.getSingleton(DefaultSingletonBeanRegistry.java:234) ~[spring-beans-6.1.6.jar:6.1.6]
	at org.springframework.beans.factory.support.AbstractBeanFactory.doGetBean(AbstractBeanFactory.java:324) ~[spring-beans-6.1.6.jar:6.1.6]
	at org.springframework.beans.factory.support.AbstractBeanFactory.getBean(AbstractBeanFactory.java:200) ~[spring-beans-6.1.6.jar:6.1.6]
	at org.springframework.beans.factory.support.DefaultListableBeanFactory.preInstantiateSingletons(DefaultListableBeanFactory.java:975) ~[spring-beans-6.1.6.jar:6.1.6]
	at org.springframework.context.support.AbstractApplicationContext.finishBeanFactoryInitialization(AbstractApplicationContext.java:962) ~[spring-context-6.1.6.jar:6.1.6]
	at org.springframework.context.support.AbstractApplicationContext.refresh(AbstractApplicationContext.java:624) ~[spring-context-6.1.6.jar:6.1.6]
	at org.springframework.boot.web.servlet.context.ServletWebServerApplicationContext.refresh(ServletWebServerApplicationContext.java:146) ~[spring-boot-3.2.5.jar:3.2.5]
	at org.springframework.boot.SpringApplication.refresh(SpringApplication.java:754) ~[spring-boot-3.2.5.jar:3.2.5]
	at org.springframework.boot.SpringApplication.refreshContext(SpringApplication.java:456) ~[spring-boot-3.2.5.jar:3.2.5]
	at org.springframework.boot.SpringApplication.run(SpringApplication.java:334) ~[spring-boot-3.2.5.jar:3.2.5]
	at org.springframework.boot.SpringApplication.run(SpringApplication.java:1354) ~[spring-boot-3.2.5.jar:3.2.5]
	at org.springframework.boot.SpringApplication.run(SpringApplication.java:1343) ~[spring-boot-3.2.5.jar:3.2.5]
	at com.library.login.LoginApplication.main(LoginApplication.java:12) ~[classes/:na]
	at java.base/jdk.internal.reflect.DirectMethodHandleAccessor.invoke(DirectMethodHandleAccessor.java:103) ~[na:na]
	at java.base/java.lang.reflect.Method.invoke(Method.java:580) ~[na:na]
	at org.springframework.boot.devtools.restart.RestartLauncher.run(RestartLauncher.java:50) ~[spring-boot-devtools-3.2.5.jar:3.2.5]
Caused by: java.lang.IllegalStateException: Failed to introspect Class [com.library.login.cotroller.LoginController] from ClassLoader [org.springframework.boot.devtools.restart.classloader.RestartClassLoader@599699aa]
	at org.springframework.util.ReflectionUtils.getDeclaredMethods(ReflectionUtils.java:483) ~[spring-core-6.1.6.jar:6.1.6]
	at org.springframework.util.ReflectionUtils.doWithLocalMethods(ReflectionUtils.java:320) ~[spring-core-6.1.6.jar:6.1.6]
	at org.springframework.beans.factory.annotation.AutowiredAnnotationBeanPostProcessor.checkLookupMethods(AutowiredAnnotationBeanPostProcessor.java:475) ~[spring-beans-6.1.6.jar:6.1.6]
	... 22 common frames omitted
Caused by: java.lang.NoClassDefFoundError: com/library/login/exception/NoUserFound
	at java.base/java.lang.Class.getDeclaredMethods0(Native Method) ~[na:na]
	at java.base/java.lang.Class.privateGetDeclaredMethods(Class.java:3601) ~[na:na]
	at java.base/java.lang.Class.getDeclaredMethods(Class.java:2686) ~[na:na]
	at org.springframework.util.ReflectionUtils.getDeclaredMethods(ReflectionUtils.java:465) ~[spring-core-6.1.6.jar:6.1.6]
	... 24 common frames omitted
Caused by: java.lang.ClassNotFoundException: com.library.login.exception.NoUserFound
	at java.base/jdk.internal.loader.BuiltinClassLoader.loadClass(BuiltinClassLoader.java:641) ~[na:na]
	at java.base/jdk.internal.loader.ClassLoaders$AppClassLoader.loadClass(ClassLoaders.java:188) ~[na:na]
	at java.base/java.lang.ClassLoader.loadClass(ClassLoader.java:525) ~[na:na]
	at java.base/java.lang.Class.forName0(Native Method) ~[na:na]
	at java.base/java.lang.Class.forName(Class.java:529) ~[na:na]
	at java.base/java.lang.Class.forName(Class.java:508) ~[na:na]
	at org.springframework.boot.devtools.restart.classloader.RestartClassLoader.loadClass(RestartClassLoader.java:121) ~[spring-boot-devtools-3.2.5.jar:3.2.5]
	at java.base/java.lang.ClassLoader.loadClass(ClassLoader.java:525) ~[na:na]
	... 28 common frames omitted

2024-07-09T15:50:42.849+08:00  INFO 14496 --- [Login] [restartedMain] com.library.login.LoginApplication       : Starting LoginApplication using Java 22.0.1 with PID 14496 (C:\Users\cyh20\Documents\MiniProject\MiniProjectLibraryRepos\Login\target\classes started by cyh20 in C:\Users\cyh20\Documents\MiniProject\MiniProjectLibraryRepos\Login)
2024-07-09T15:50:42.849+08:00  INFO 14496 --- [Login] [restartedMain] com.library.login.LoginApplication       : No active profile set, falling back to 1 default profile: "default"
2024-07-09T15:50:43.712+08:00  INFO 14496 --- [Login] [restartedMain] .s.d.r.c.RepositoryConfigurationDelegate : Bootstrapping Spring Data JPA repositories in DEFAULT mode.
2024-07-09T15:50:43.733+08:00  INFO 14496 --- [Login] [restartedMain] .s.d.r.c.RepositoryConfigurationDelegate : Finished Spring Data repository scanning in 19 ms. Found 1 JPA repository interface.
2024-07-09T15:50:44.873+08:00  INFO 14496 --- [Login] [restartedMain] o.s.b.w.embedded.tomcat.TomcatWebServer  : Tomcat initialized with port 8081 (http)
2024-07-09T15:50:44.875+08:00  INFO 14496 --- [Login] [restartedMain] o.apache.catalina.core.StandardService   : Starting service [Tomcat]
2024-07-09T15:50:44.875+08:00  INFO 14496 --- [Login] [restartedMain] o.apache.catalina.core.StandardEngine    : Starting Servlet engine: [Apache Tomcat/10.1.20]
2024-07-09T15:50:45.064+08:00  INFO 14496 --- [Login] [restartedMain] o.a.c.c.C.[Tomcat-3].[localhost].[/]     : Initializing Spring embedded WebApplicationContext
2024-07-09T15:50:45.064+08:00  INFO 14496 --- [Login] [restartedMain] w.s.c.ServletWebServerApplicationContext : Root WebApplicationContext: initialization completed in 2211 ms
2024-07-09T15:50:45.229+08:00  INFO 14496 --- [Login] [restartedMain] o.hibernate.jpa.internal.util.LogHelper  : HHH000204: Processing PersistenceUnitInfo [name: default]
2024-07-09T15:50:45.238+08:00  INFO 14496 --- [Login] [restartedMain] o.h.c.internal.RegionFactoryInitiator    : HHH000026: Second-level cache disabled
2024-07-09T15:50:45.257+08:00  INFO 14496 --- [Login] [restartedMain] o.s.o.j.p.SpringPersistenceUnitInfo      : No LoadTimeWeaver setup: ignoring JPA class transformer
2024-07-09T15:50:45.258+08:00  INFO 14496 --- [Login] [restartedMain] com.zaxxer.hikari.HikariDataSource       : HikariPool-4 - Starting...
2024-07-09T15:50:45.444+08:00  INFO 14496 --- [Login] [restartedMain] com.zaxxer.hikari.pool.HikariPool        : HikariPool-4 - Added connection com.mysql.cj.jdbc.ConnectionImpl@13ed298c
2024-07-09T15:50:45.445+08:00  INFO 14496 --- [Login] [restartedMain] com.zaxxer.hikari.HikariDataSource       : HikariPool-4 - Start completed.
2024-07-09T15:50:45.448+08:00  WARN 14496 --- [Login] [restartedMain] org.hibernate.orm.deprecation            : HHH90000025: MySQLDialect does not need to be specified explicitly using 'hibernate.dialect' (remove the property setting and it will be selected by default)
2024-07-09T15:50:45.744+08:00  INFO 14496 --- [Login] [restartedMain] o.h.e.t.j.p.i.JtaPlatformInitiator       : HHH000489: No JTA platform available (set 'hibernate.transaction.jta.platform' to enable JTA platform integration)
2024-07-09T15:50:45.919+08:00  INFO 14496 --- [Login] [restartedMain] j.LocalContainerEntityManagerFactoryBean : Initialized JPA EntityManagerFactory for persistence unit 'default'
2024-07-09T15:50:46.992+08:00  WARN 14496 --- [Login] [restartedMain] ConfigServletWebServerApplicationContext : Exception encountered during context initialization - cancelling refresh attempt: org.springframework.beans.factory.BeanCreationException: Error creating bean with name 'corsConfigurer' defined in com.library.login.LoginApplication: Failed to instantiate [org.springframework.web.servlet.config.annotation.WebMvcConfigurer]: Illegal factory instance for factory method 'corsConfigurer'; instance: com.library.login.LoginApplication$$SpringCGLIB$$0
2024-07-09T15:50:46.993+08:00  INFO 14496 --- [Login] [restartedMain] j.LocalContainerEntityManagerFactoryBean : Closing JPA EntityManagerFactory for persistence unit 'default'
2024-07-09T15:50:46.993+08:00  INFO 14496 --- [Login] [restartedMain] com.zaxxer.hikari.HikariDataSource       : HikariPool-4 - Shutdown initiated...
2024-07-09T15:50:47.016+08:00  INFO 14496 --- [Login] [restartedMain] com.zaxxer.hikari.HikariDataSource       : HikariPool-4 - Shutdown completed.
2024-07-09T15:50:47.017+08:00  INFO 14496 --- [Login] [restartedMain] o.apache.catalina.core.StandardService   : Stopping service [Tomcat]
2024-07-09T15:50:47.023+08:00  INFO 14496 --- [Login] [restartedMain] .s.b.a.l.ConditionEvaluationReportLogger : 

Error starting ApplicationContext. To display the condition evaluation report re-run your application with 'debug' enabled.
2024-07-09T15:50:47.028+08:00 ERROR 14496 --- [Login] [restartedMain] o.s.boot.SpringApplication               : Application run failed

org.springframework.beans.factory.BeanCreationException: Error creating bean with name 'corsConfigurer' defined in com.library.login.LoginApplication: Failed to instantiate [org.springframework.web.servlet.config.annotation.WebMvcConfigurer]: Illegal factory instance for factory method 'corsConfigurer'; instance: com.library.login.LoginApplication$$SpringCGLIB$$0
	at org.springframework.beans.factory.support.ConstructorResolver.instantiate(ConstructorResolver.java:648) ~[spring-beans-6.1.6.jar:6.1.6]
	at org.springframework.beans.factory.support.ConstructorResolver.instantiateUsingFactoryMethod(ConstructorResolver.java:485) ~[spring-beans-6.1.6.jar:6.1.6]
	at org.springframework.beans.factory.support.AbstractAutowireCapableBeanFactory.instantiateUsingFactoryMethod(AbstractAutowireCapableBeanFactory.java:1335) ~[spring-beans-6.1.6.jar:6.1.6]
	at org.springframework.beans.factory.support.AbstractAutowireCapableBeanFactory.createBeanInstance(AbstractAutowireCapableBeanFactory.java:1165) ~[spring-beans-6.1.6.jar:6.1.6]
	at org.springframework.beans.factory.support.AbstractAutowireCapableBeanFactory.doCreateBean(AbstractAutowireCapableBeanFactory.java:562) ~[spring-beans-6.1.6.jar:6.1.6]
	at org.springframework.beans.factory.support.AbstractAutowireCapableBeanFactory.createBean(AbstractAutowireCapableBeanFactory.java:522) ~[spring-beans-6.1.6.jar:6.1.6]
	at org.springframework.beans.factory.support.AbstractBeanFactory.lambda$doGetBean$0(AbstractBeanFactory.java:326) ~[spring-beans-6.1.6.jar:6.1.6]
	at org.springframework.beans.factory.support.DefaultSingletonBeanRegistry.getSingleton(DefaultSingletonBeanRegistry.java:234) ~[spring-beans-6.1.6.jar:6.1.6]
	at org.springframework.beans.factory.support.AbstractBeanFactory.doGetBean(AbstractBeanFactory.java:324) ~[spring-beans-6.1.6.jar:6.1.6]
	at org.springframework.beans.factory.support.AbstractBeanFactory.getBean(AbstractBeanFactory.java:200) ~[spring-beans-6.1.6.jar:6.1.6]
	at org.springframework.beans.factory.support.DefaultListableBeanFactory.preInstantiateSingletons(DefaultListableBeanFactory.java:975) ~[spring-beans-6.1.6.jar:6.1.6]
	at org.springframework.context.support.AbstractApplicationContext.finishBeanFactoryInitialization(AbstractApplicationContext.java:962) ~[spring-context-6.1.6.jar:6.1.6]
	at org.springframework.context.support.AbstractApplicationContext.refresh(AbstractApplicationContext.java:624) ~[spring-context-6.1.6.jar:6.1.6]
	at org.springframework.boot.web.servlet.context.ServletWebServerApplicationContext.refresh(ServletWebServerApplicationContext.java:146) ~[spring-boot-3.2.5.jar:3.2.5]
	at org.springframework.boot.SpringApplication.refresh(SpringApplication.java:754) ~[spring-boot-3.2.5.jar:3.2.5]
	at org.springframework.boot.SpringApplication.refreshContext(SpringApplication.java:456) ~[spring-boot-3.2.5.jar:3.2.5]
	at org.springframework.boot.SpringApplication.run(SpringApplication.java:334) ~[spring-boot-3.2.5.jar:3.2.5]
	at org.springframework.boot.SpringApplication.run(SpringApplication.java:1354) ~[spring-boot-3.2.5.jar:3.2.5]
	at org.springframework.boot.SpringApplication.run(SpringApplication.java:1343) ~[spring-boot-3.2.5.jar:3.2.5]
	at com.library.login.LoginApplication.main(LoginApplication.java:12) ~[classes/:na]
	at java.base/jdk.internal.reflect.DirectMethodHandleAccessor.invoke(DirectMethodHandleAccessor.java:103) ~[na:na]
	at java.base/java.lang.reflect.Method.invoke(Method.java:580) ~[na:na]
	at org.springframework.boot.devtools.restart.RestartLauncher.run(RestartLauncher.java:50) ~[spring-boot-devtools-3.2.5.jar:3.2.5]
Caused by: org.springframework.beans.BeanInstantiationException: Failed to instantiate [org.springframework.web.servlet.config.annotation.WebMvcConfigurer]: Illegal factory instance for factory method 'corsConfigurer'; instance: com.library.login.LoginApplication$$SpringCGLIB$$0
	at org.springframework.beans.factory.support.SimpleInstantiationStrategy.instantiate(SimpleInstantiationStrategy.java:159) ~[spring-beans-6.1.6.jar:6.1.6]
	at org.springframework.beans.factory.support.ConstructorResolver.instantiate(ConstructorResolver.java:644) ~[spring-beans-6.1.6.jar:6.1.6]
	... 22 common frames omitted
Caused by: java.lang.IllegalArgumentException: object of type com.library.login.LoginApplication$$SpringCGLIB$$0 is not an instance of com.library.login.LoginApplication
	at java.base/jdk.internal.reflect.DirectMethodHandleAccessor.checkReceiver(DirectMethodHandleAccessor.java:198) ~[na:na]
	at java.base/jdk.internal.reflect.DirectMethodHandleAccessor.invoke(DirectMethodHandleAccessor.java:99) ~[na:na]
	at java.base/java.lang.reflect.Method.invoke(Method.java:580) ~[na:na]
	at org.springframework.beans.factory.support.SimpleInstantiationStrategy.instantiate(SimpleInstantiationStrategy.java:140) ~[spring-beans-6.1.6.jar:6.1.6]
	... 23 common frames omitted

