2024-07-16T09:49:05.180+08:00  INFO 8380 --- [MongoDB] [restartedMain] com.example.mongodb.MongoDbApplication   : Starting MongoDbApplication using Java 22.0.1 with PID 8380 (C:\Users\cyh20\Documents\MiniProject\MiniProjectLibraryRepos\MongoDB\target\classes started by cyh20 in C:\Users\cyh20\Documents\MiniProject\MiniProjectLibraryRepos\MongoDB)
2024-07-16T09:49:05.210+08:00  INFO 8380 --- [MongoDB] [restartedMain] com.example.mongodb.MongoDbApplication   : No active profile set, falling back to 1 default profile: "default"
2024-07-16T09:49:05.429+08:00  INFO 8380 --- [MongoDB] [restartedMain] .e.DevToolsPropertyDefaultsPostProcessor : Devtools property defaults active! Set 'spring.devtools.add-properties' to 'false' to disable
2024-07-16T09:49:05.430+08:00  INFO 8380 --- [MongoDB] [restartedMain] .e.DevToolsPropertyDefaultsPostProcessor : For additional web related logging consider setting the 'logging.level.web' property to 'DEBUG'
2024-07-16T09:49:07.006+08:00  INFO 8380 --- [MongoDB] [restartedMain] .s.d.r.c.RepositoryConfigurationDelegate : Bootstrapping Spring Data MongoDB repositories in DEFAULT mode.
2024-07-16T09:49:07.154+08:00  INFO 8380 --- [MongoDB] [restartedMain] .s.d.r.c.RepositoryConfigurationDelegate : Finished Spring Data repository scanning in 132 ms. Found 1 MongoDB repository interface.
2024-07-16T09:49:08.444+08:00  INFO 8380 --- [MongoDB] [restartedMain] o.s.b.w.embedded.tomcat.TomcatWebServer  : Tomcat initialized with port 8083 (http)
2024-07-16T09:49:08.461+08:00  INFO 8380 --- [MongoDB] [restartedMain] o.apache.catalina.core.StandardService   : Starting service [Tomcat]
2024-07-16T09:49:08.461+08:00  INFO 8380 --- [MongoDB] [restartedMain] o.apache.catalina.core.StandardEngine    : Starting Servlet engine: [Apache Tomcat/10.1.24]
2024-07-16T09:49:08.530+08:00  INFO 8380 --- [MongoDB] [restartedMain] o.a.c.c.C.[Tomcat].[localhost].[/]       : Initializing Spring embedded WebApplicationContext
2024-07-16T09:49:08.531+08:00  INFO 8380 --- [MongoDB] [restartedMain] w.s.c.ServletWebServerApplicationContext : Root WebApplicationContext: initialization completed in 3098 ms
2024-07-16T09:49:08.755+08:00  WARN 8380 --- [MongoDB] [restartedMain] ConfigServletWebServerApplicationContext : Exception encountered during context initialization - cancelling refresh attempt: org.springframework.beans.factory.UnsatisfiedDependencyException: Error creating bean with name 'authorController' defined in file [C:\Users\cyh20\Documents\MiniProject\MiniProjectLibraryRepos\MongoDB\target\classes\com\example\mongodb\controller\AuthorController.class]: Unsatisfied dependency expressed through constructor parameter 0: Error creating bean with name 'bookServiceImpl' defined in file [C:\Users\cyh20\Documents\MiniProject\MiniProjectLibraryRepos\MongoDB\target\classes\com\example\mongodb\service\BookServiceImpl.class]: Unsatisfied dependency expressed through constructor parameter 0: Error creating bean with name 'bookRepository' defined in com.example.mongodb.repository.BookRepository defined in @EnableMongoRepositories declared on MongoDbApplication: Cannot resolve reference to bean 'mongoTemplate' while setting bean property 'mongoOperations'
2024-07-16T09:49:08.760+08:00  INFO 8380 --- [MongoDB] [restartedMain] o.apache.catalina.core.StandardService   : Stopping service [Tomcat]
2024-07-16T09:49:08.774+08:00  INFO 8380 --- [MongoDB] [restartedMain] .s.b.a.l.ConditionEvaluationReportLogger : 

Error starting ApplicationContext. To display the condition evaluation report re-run your application with 'debug' enabled.
2024-07-16T09:49:08.801+08:00 ERROR 8380 --- [MongoDB] [restartedMain] o.s.boot.SpringApplication               : Application run failed

org.springframework.beans.factory.UnsatisfiedDependencyException: Error creating bean with name 'authorController' defined in file [C:\Users\cyh20\Documents\MiniProject\MiniProjectLibraryRepos\MongoDB\target\classes\com\example\mongodb\controller\AuthorController.class]: Unsatisfied dependency expressed through constructor parameter 0: Error creating bean with name 'bookServiceImpl' defined in file [C:\Users\cyh20\Documents\MiniProject\MiniProjectLibraryRepos\MongoDB\target\classes\com\example\mongodb\service\BookServiceImpl.class]: Unsatisfied dependency expressed through constructor parameter 0: Error creating bean with name 'bookRepository' defined in com.example.mongodb.repository.BookRepository defined in @EnableMongoRepositories declared on MongoDbApplication: Cannot resolve reference to bean 'mongoTemplate' while setting bean property 'mongoOperations'
	at org.springframework.beans.factory.support.ConstructorResolver.createArgumentArray(ConstructorResolver.java:795) ~[spring-beans-6.1.8.jar:6.1.8]
	at org.springframework.beans.factory.support.ConstructorResolver.autowireConstructor(ConstructorResolver.java:237) ~[spring-beans-6.1.8.jar:6.1.8]
	at org.springframework.beans.factory.support.AbstractAutowireCapableBeanFactory.autowireConstructor(AbstractAutowireCapableBeanFactory.java:1357) ~[spring-beans-6.1.8.jar:6.1.8]
	at org.springframework.beans.factory.support.AbstractAutowireCapableBeanFactory.createBeanInstance(AbstractAutowireCapableBeanFactory.java:1194) ~[spring-beans-6.1.8.jar:6.1.8]
	at org.springframework.beans.factory.support.AbstractAutowireCapableBeanFactory.doCreateBean(AbstractAutowireCapableBeanFactory.java:562) ~[spring-beans-6.1.8.jar:6.1.8]
	at org.springframework.beans.factory.support.AbstractAutowireCapableBeanFactory.createBean(AbstractAutowireCapableBeanFactory.java:522) ~[spring-beans-6.1.8.jar:6.1.8]
	at org.springframework.beans.factory.support.AbstractBeanFactory.lambda$doGetBean$0(AbstractBeanFactory.java:337) ~[spring-beans-6.1.8.jar:6.1.8]
	at org.springframework.beans.factory.support.DefaultSingletonBeanRegistry.getSingleton(DefaultSingletonBeanRegistry.java:234) ~[spring-beans-6.1.8.jar:6.1.8]
	at org.springframework.beans.factory.support.AbstractBeanFactory.doGetBean(AbstractBeanFactory.java:335) ~[spring-beans-6.1.8.jar:6.1.8]
	at org.springframework.beans.factory.support.AbstractBeanFactory.getBean(AbstractBeanFactory.java:200) ~[spring-beans-6.1.8.jar:6.1.8]
	at org.springframework.beans.factory.support.DefaultListableBeanFactory.preInstantiateSingletons(DefaultListableBeanFactory.java:975) ~[spring-beans-6.1.8.jar:6.1.8]
	at org.springframework.context.support.AbstractApplicationContext.finishBeanFactoryInitialization(AbstractApplicationContext.java:962) ~[spring-context-6.1.8.jar:6.1.8]
	at org.springframework.context.support.AbstractApplicationContext.refresh(AbstractApplicationContext.java:624) ~[spring-context-6.1.8.jar:6.1.8]
	at org.springframework.boot.web.servlet.context.ServletWebServerApplicationContext.refresh(ServletWebServerApplicationContext.java:146) ~[spring-boot-3.3.0.jar:3.3.0]
	at org.springframework.boot.SpringApplication.refresh(SpringApplication.java:754) ~[spring-boot-3.3.0.jar:3.3.0]
	at org.springframework.boot.SpringApplication.refreshContext(SpringApplication.java:456) ~[spring-boot-3.3.0.jar:3.3.0]
	at org.springframework.boot.SpringApplication.run(SpringApplication.java:335) ~[spring-boot-3.3.0.jar:3.3.0]
	at org.springframework.boot.SpringApplication.run(SpringApplication.java:1363) ~[spring-boot-3.3.0.jar:3.3.0]
	at org.springframework.boot.SpringApplication.run(SpringApplication.java:1352) ~[spring-boot-3.3.0.jar:3.3.0]
	at com.example.mongodb.MongoDbApplication.main(MongoDbApplication.java:15) ~[classes/:na]
	at java.base/jdk.internal.reflect.DirectMethodHandleAccessor.invoke(DirectMethodHandleAccessor.java:103) ~[na:na]
	at java.base/java.lang.reflect.Method.invoke(Method.java:580) ~[na:na]
	at org.springframework.boot.devtools.restart.RestartLauncher.run(RestartLauncher.java:50) ~[spring-boot-devtools-3.3.0.jar:3.3.0]
Caused by: org.springframework.beans.factory.UnsatisfiedDependencyException: Error creating bean with name 'bookServiceImpl' defined in file [C:\Users\cyh20\Documents\MiniProject\MiniProjectLibraryRepos\MongoDB\target\classes\com\example\mongodb\service\BookServiceImpl.class]: Unsatisfied dependency expressed through constructor parameter 0: Error creating bean with name 'bookRepository' defined in com.example.mongodb.repository.BookRepository defined in @EnableMongoRepositories declared on MongoDbApplication: Cannot resolve reference to bean 'mongoTemplate' while setting bean property 'mongoOperations'
	at org.springframework.beans.factory.support.ConstructorResolver.createArgumentArray(ConstructorResolver.java:795) ~[spring-beans-6.1.8.jar:6.1.8]
	at org.springframework.beans.factory.support.ConstructorResolver.autowireConstructor(ConstructorResolver.java:237) ~[spring-beans-6.1.8.jar:6.1.8]
	at org.springframework.beans.factory.support.AbstractAutowireCapableBeanFactory.autowireConstructor(AbstractAutowireCapableBeanFactory.java:1357) ~[spring-beans-6.1.8.jar:6.1.8]
	at org.springframework.beans.factory.support.AbstractAutowireCapableBeanFactory.createBeanInstance(AbstractAutowireCapableBeanFactory.java:1194) ~[spring-beans-6.1.8.jar:6.1.8]
	at org.springframework.beans.factory.support.AbstractAutowireCapableBeanFactory.doCreateBean(AbstractAutowireCapableBeanFactory.java:562) ~[spring-beans-6.1.8.jar:6.1.8]
	at org.springframework.beans.factory.support.AbstractAutowireCapableBeanFactory.createBean(AbstractAutowireCapableBeanFactory.java:522) ~[spring-beans-6.1.8.jar:6.1.8]
	at org.springframework.beans.factory.support.AbstractBeanFactory.lambda$doGetBean$0(AbstractBeanFactory.java:337) ~[spring-beans-6.1.8.jar:6.1.8]
	at org.springframework.beans.factory.support.DefaultSingletonBeanRegistry.getSingleton(DefaultSingletonBeanRegistry.java:234) ~[spring-beans-6.1.8.jar:6.1.8]
	at org.springframework.beans.factory.support.AbstractBeanFactory.doGetBean(AbstractBeanFactory.java:335) ~[spring-beans-6.1.8.jar:6.1.8]
	at org.springframework.beans.factory.support.AbstractBeanFactory.getBean(AbstractBeanFactory.java:200) ~[spring-beans-6.1.8.jar:6.1.8]
	at org.springframework.beans.factory.config.DependencyDescriptor.resolveCandidate(DependencyDescriptor.java:254) ~[spring-beans-6.1.8.jar:6.1.8]
	at org.springframework.beans.factory.support.DefaultListableBeanFactory.doResolveDependency(DefaultListableBeanFactory.java:1443) ~[spring-beans-6.1.8.jar:6.1.8]
	at org.springframework.beans.factory.support.DefaultListableBeanFactory.resolveDependency(DefaultListableBeanFactory.java:1353) ~[spring-beans-6.1.8.jar:6.1.8]
	at org.springframework.beans.factory.support.ConstructorResolver.resolveAutowiredArgument(ConstructorResolver.java:904) ~[spring-beans-6.1.8.jar:6.1.8]
	at org.springframework.beans.factory.support.ConstructorResolver.createArgumentArray(ConstructorResolver.java:782) ~[spring-beans-6.1.8.jar:6.1.8]
	... 22 common frames omitted
Caused by: org.springframework.beans.factory.BeanCreationException: Error creating bean with name 'bookRepository' defined in com.example.mongodb.repository.BookRepository defined in @EnableMongoRepositories declared on MongoDbApplication: Cannot resolve reference to bean 'mongoTemplate' while setting bean property 'mongoOperations'
	at org.springframework.beans.factory.support.BeanDefinitionValueResolver.resolveReference(BeanDefinitionValueResolver.java:377) ~[spring-beans-6.1.8.jar:6.1.8]
	at org.springframework.beans.factory.support.BeanDefinitionValueResolver.resolveValueIfNecessary(BeanDefinitionValueResolver.java:135) ~[spring-beans-6.1.8.jar:6.1.8]
	at org.springframework.beans.factory.support.AbstractAutowireCapableBeanFactory.applyPropertyValues(AbstractAutowireCapableBeanFactory.java:1687) ~[spring-beans-6.1.8.jar:6.1.8]
	at org.springframework.beans.factory.support.AbstractAutowireCapableBeanFactory.populateBean(AbstractAutowireCapableBeanFactory.java:1436) ~[spring-beans-6.1.8.jar:6.1.8]
	at org.springframework.beans.factory.support.AbstractAutowireCapableBeanFactory.doCreateBean(AbstractAutowireCapableBeanFactory.java:599) ~[spring-beans-6.1.8.jar:6.1.8]
	at org.springframework.beans.factory.support.AbstractAutowireCapableBeanFactory.createBean(AbstractAutowireCapableBeanFactory.java:522) ~[spring-beans-6.1.8.jar:6.1.8]
	at org.springframework.beans.factory.support.AbstractBeanFactory.lambda$doGetBean$0(AbstractBeanFactory.java:337) ~[spring-beans-6.1.8.jar:6.1.8]
	at org.springframework.beans.factory.support.DefaultSingletonBeanRegistry.getSingleton(DefaultSingletonBeanRegistry.java:234) ~[spring-beans-6.1.8.jar:6.1.8]
	at org.springframework.beans.factory.support.AbstractBeanFactory.doGetBean(AbstractBeanFactory.java:335) ~[spring-beans-6.1.8.jar:6.1.8]
	at org.springframework.beans.factory.support.AbstractBeanFactory.getBean(AbstractBeanFactory.java:200) ~[spring-beans-6.1.8.jar:6.1.8]
	at org.springframework.beans.factory.config.DependencyDescriptor.resolveCandidate(DependencyDescriptor.java:254) ~[spring-beans-6.1.8.jar:6.1.8]
	at org.springframework.beans.factory.support.DefaultListableBeanFactory.doResolveDependency(DefaultListableBeanFactory.java:1443) ~[spring-beans-6.1.8.jar:6.1.8]
	at org.springframework.beans.factory.support.DefaultListableBeanFactory.resolveDependency(DefaultListableBeanFactory.java:1353) ~[spring-beans-6.1.8.jar:6.1.8]
	at org.springframework.beans.factory.support.ConstructorResolver.resolveAutowiredArgument(ConstructorResolver.java:904) ~[spring-beans-6.1.8.jar:6.1.8]
	at org.springframework.beans.factory.support.ConstructorResolver.createArgumentArray(ConstructorResolver.java:782) ~[spring-beans-6.1.8.jar:6.1.8]
	... 36 common frames omitted
Caused by: org.springframework.beans.factory.UnsatisfiedDependencyException: Error creating bean with name 'mongoTemplate' defined in class path resource [org/springframework/boot/autoconfigure/data/mongo/MongoDatabaseFactoryDependentConfiguration.class]: Unsatisfied dependency expressed through method 'mongoTemplate' parameter 0: Error creating bean with name 'mongoDatabaseFactory' defined in class path resource [org/springframework/boot/autoconfigure/data/mongo/MongoDatabaseFactoryConfiguration.class]: Unsatisfied dependency expressed through method 'mongoDatabaseFactory' parameter 0: Error creating bean with name 'mongo' defined in class path resource [org/springframework/boot/autoconfigure/mongo/MongoAutoConfiguration.class]: Failed to instantiate [com.mongodb.client.MongoClient]: Factory method 'mongo' threw exception with message: Error creating bean with name 'standardMongoSettingsCustomizer' defined in class path resource [org/springframework/boot/autoconfigure/mongo/MongoAutoConfiguration$MongoClientSettingsConfiguration.class]: Failed to instantiate [org.springframework.boot.autoconfigure.mongo.StandardMongoClientSettingsBuilderCustomizer]: Factory method 'standardMongoSettingsCustomizer' threw exception with message: Failed looking up TXT record for host bookdb.2dixccw.mongodb.net
	at org.springframework.beans.factory.support.ConstructorResolver.createArgumentArray(ConstructorResolver.java:795) ~[spring-beans-6.1.8.jar:6.1.8]
	at org.springframework.beans.factory.support.ConstructorResolver.instantiateUsingFactoryMethod(ConstructorResolver.java:542) ~[spring-beans-6.1.8.jar:6.1.8]
	at org.springframework.beans.factory.support.AbstractAutowireCapableBeanFactory.instantiateUsingFactoryMethod(AbstractAutowireCapableBeanFactory.java:1337) ~[spring-beans-6.1.8.jar:6.1.8]
	at org.springframework.beans.factory.support.AbstractAutowireCapableBeanFactory.createBeanInstance(AbstractAutowireCapableBeanFactory.java:1167) ~[spring-beans-6.1.8.jar:6.1.8]
	at org.springframework.beans.factory.support.AbstractAutowireCapableBeanFactory.doCreateBean(AbstractAutowireCapableBeanFactory.java:562) ~[spring-beans-6.1.8.jar:6.1.8]
	at org.springframework.beans.factory.support.AbstractAutowireCapableBeanFactory.createBean(AbstractAutowireCapableBeanFactory.java:522) ~[spring-beans-6.1.8.jar:6.1.8]
	at org.springframework.beans.factory.support.AbstractBeanFactory.lambda$doGetBean$0(AbstractBeanFactory.java:337) ~[spring-beans-6.1.8.jar:6.1.8]
	at org.springframework.beans.factory.support.DefaultSingletonBeanRegistry.getSingleton(DefaultSingletonBeanRegistry.java:234) ~[spring-beans-6.1.8.jar:6.1.8]
	at org.springframework.beans.factory.support.AbstractBeanFactory.doGetBean(AbstractBeanFactory.java:335) ~[spring-beans-6.1.8.jar:6.1.8]
	at org.springframework.beans.factory.support.AbstractBeanFactory.getBean(AbstractBeanFactory.java:200) ~[spring-beans-6.1.8.jar:6.1.8]
	at org.springframework.beans.factory.support.BeanDefinitionValueResolver.resolveReference(BeanDefinitionValueResolver.java:365) ~[spring-beans-6.1.8.jar:6.1.8]
	... 50 common frames omitted
Caused by: org.springframework.beans.factory.UnsatisfiedDependencyException: Error creating bean with name 'mongoDatabaseFactory' defined in class path resource [org/springframework/boot/autoconfigure/data/mongo/MongoDatabaseFactoryConfiguration.class]: Unsatisfied dependency expressed through method 'mongoDatabaseFactory' parameter 0: Error creating bean with name 'mongo' defined in class path resource [org/springframework/boot/autoconfigure/mongo/MongoAutoConfiguration.class]: Failed to instantiate [com.mongodb.client.MongoClient]: Factory method 'mongo' threw exception with message: Error creating bean with name 'standardMongoSettingsCustomizer' defined in class path resource [org/springframework/boot/autoconfigure/mongo/MongoAutoConfiguration$MongoClientSettingsConfiguration.class]: Failed to instantiate [org.springframework.boot.autoconfigure.mongo.StandardMongoClientSettingsBuilderCustomizer]: Factory method 'standardMongoSettingsCustomizer' threw exception with message: Failed looking up TXT record for host bookdb.2dixccw.mongodb.net
	at org.springframework.beans.factory.support.ConstructorResolver.createArgumentArray(ConstructorResolver.java:795) ~[spring-beans-6.1.8.jar:6.1.8]
	at org.springframework.beans.factory.support.ConstructorResolver.instantiateUsingFactoryMethod(ConstructorResolver.java:542) ~[spring-beans-6.1.8.jar:6.1.8]
	at org.springframework.beans.factory.support.AbstractAutowireCapableBeanFactory.instantiateUsingFactoryMethod(AbstractAutowireCapableBeanFactory.java:1337) ~[spring-beans-6.1.8.jar:6.1.8]
	at org.springframework.beans.factory.support.AbstractAutowireCapableBeanFactory.createBeanInstance(AbstractAutowireCapableBeanFactory.java:1167) ~[spring-beans-6.1.8.jar:6.1.8]
	at org.springframework.beans.factory.support.AbstractAutowireCapableBeanFactory.doCreateBean(AbstractAutowireCapableBeanFactory.java:562) ~[spring-beans-6.1.8.jar:6.1.8]
	at org.springframework.beans.factory.support.AbstractAutowireCapableBeanFactory.createBean(AbstractAutowireCapableBeanFactory.java:522) ~[spring-beans-6.1.8.jar:6.1.8]
	at org.springframework.beans.factory.support.AbstractBeanFactory.lambda$doGetBean$0(AbstractBeanFactory.java:337) ~[spring-beans-6.1.8.jar:6.1.8]
	at org.springframework.beans.factory.support.DefaultSingletonBeanRegistry.getSingleton(DefaultSingletonBeanRegistry.java:234) ~[spring-beans-6.1.8.jar:6.1.8]
	at org.springframework.beans.factory.support.AbstractBeanFactory.doGetBean(AbstractBeanFactory.java:335) ~[spring-beans-6.1.8.jar:6.1.8]
	at org.springframework.beans.factory.support.AbstractBeanFactory.getBean(AbstractBeanFactory.java:200) ~[spring-beans-6.1.8.jar:6.1.8]
	at org.springframework.beans.factory.config.DependencyDescriptor.resolveCandidate(DependencyDescriptor.java:254) ~[spring-beans-6.1.8.jar:6.1.8]
	at org.springframework.beans.factory.support.DefaultListableBeanFactory.doResolveDependency(DefaultListableBeanFactory.java:1443) ~[spring-beans-6.1.8.jar:6.1.8]
	at org.springframework.beans.factory.support.DefaultListableBeanFactory.resolveDependency(DefaultListableBeanFactory.java:1353) ~[spring-beans-6.1.8.jar:6.1.8]
	at org.springframework.beans.factory.support.ConstructorResolver.resolveAutowiredArgument(ConstructorResolver.java:904) ~[spring-beans-6.1.8.jar:6.1.8]
	at org.springframework.beans.factory.support.ConstructorResolver.createArgumentArray(ConstructorResolver.java:782) ~[spring-beans-6.1.8.jar:6.1.8]
	... 60 common frames omitted
Caused by: org.springframework.beans.factory.BeanCreationException: Error creating bean with name 'mongo' defined in class path resource [org/springframework/boot/autoconfigure/mongo/MongoAutoConfiguration.class]: Failed to instantiate [com.mongodb.client.MongoClient]: Factory method 'mongo' threw exception with message: Error creating bean with name 'standardMongoSettingsCustomizer' defined in class path resource [org/springframework/boot/autoconfigure/mongo/MongoAutoConfiguration$MongoClientSettingsConfiguration.class]: Failed to instantiate [org.springframework.boot.autoconfigure.mongo.StandardMongoClientSettingsBuilderCustomizer]: Factory method 'standardMongoSettingsCustomizer' threw exception with message: Failed looking up TXT record for host bookdb.2dixccw.mongodb.net
	at org.springframework.beans.factory.support.ConstructorResolver.instantiate(ConstructorResolver.java:648) ~[spring-beans-6.1.8.jar:6.1.8]
	at org.springframework.beans.factory.support.ConstructorResolver.instantiateUsingFactoryMethod(ConstructorResolver.java:636) ~[spring-beans-6.1.8.jar:6.1.8]
	at org.springframework.beans.factory.support.AbstractAutowireCapableBeanFactory.instantiateUsingFactoryMethod(AbstractAutowireCapableBeanFactory.java:1337) ~[spring-beans-6.1.8.jar:6.1.8]
	at org.springframework.beans.factory.support.AbstractAutowireCapableBeanFactory.createBeanInstance(AbstractAutowireCapableBeanFactory.java:1167) ~[spring-beans-6.1.8.jar:6.1.8]
	at org.springframework.beans.factory.support.AbstractAutowireCapableBeanFactory.doCreateBean(AbstractAutowireCapableBeanFactory.java:562) ~[spring-beans-6.1.8.jar:6.1.8]
	at org.springframework.beans.factory.support.AbstractAutowireCapableBeanFactory.createBean(AbstractAutowireCapableBeanFactory.java:522) ~[spring-beans-6.1.8.jar:6.1.8]
	at org.springframework.beans.factory.support.AbstractBeanFactory.lambda$doGetBean$0(AbstractBeanFactory.java:337) ~[spring-beans-6.1.8.jar:6.1.8]
	at org.springframework.beans.factory.support.DefaultSingletonBeanRegistry.getSingleton(DefaultSingletonBeanRegistry.java:234) ~[spring-beans-6.1.8.jar:6.1.8]
	at org.springframework.beans.factory.support.AbstractBeanFactory.doGetBean(AbstractBeanFactory.java:335) ~[spring-beans-6.1.8.jar:6.1.8]
	at org.springframework.beans.factory.support.AbstractBeanFactory.getBean(AbstractBeanFactory.java:200) ~[spring-beans-6.1.8.jar:6.1.8]
	at org.springframework.beans.factory.config.DependencyDescriptor.resolveCandidate(DependencyDescriptor.java:254) ~[spring-beans-6.1.8.jar:6.1.8]
	at org.springframework.beans.factory.support.DefaultListableBeanFactory.doResolveDependency(DefaultListableBeanFactory.java:1443) ~[spring-beans-6.1.8.jar:6.1.8]
	at org.springframework.beans.factory.support.DefaultListableBeanFactory.resolveDependency(DefaultListableBeanFactory.java:1353) ~[spring-beans-6.1.8.jar:6.1.8]
	at org.springframework.beans.factory.support.ConstructorResolver.resolveAutowiredArgument(ConstructorResolver.java:904) ~[spring-beans-6.1.8.jar:6.1.8]
	at org.springframework.beans.factory.support.ConstructorResolver.createArgumentArray(ConstructorResolver.java:782) ~[spring-beans-6.1.8.jar:6.1.8]
	... 74 common frames omitted
Caused by: org.springframework.beans.BeanInstantiationException: Failed to instantiate [com.mongodb.client.MongoClient]: Factory method 'mongo' threw exception with message: Error creating bean with name 'standardMongoSettingsCustomizer' defined in class path resource [org/springframework/boot/autoconfigure/mongo/MongoAutoConfiguration$MongoClientSettingsConfiguration.class]: Failed to instantiate [org.springframework.boot.autoconfigure.mongo.StandardMongoClientSettingsBuilderCustomizer]: Factory method 'standardMongoSettingsCustomizer' threw exception with message: Failed looking up TXT record for host bookdb.2dixccw.mongodb.net
	at org.springframework.beans.factory.support.SimpleInstantiationStrategy.instantiate(SimpleInstantiationStrategy.java:177) ~[spring-beans-6.1.8.jar:6.1.8]
	at org.springframework.beans.factory.support.ConstructorResolver.instantiate(ConstructorResolver.java:644) ~[spring-beans-6.1.8.jar:6.1.8]
	... 88 common frames omitted
Caused by: org.springframework.beans.factory.BeanCreationException: Error creating bean with name 'standardMongoSettingsCustomizer' defined in class path resource [org/springframework/boot/autoconfigure/mongo/MongoAutoConfiguration$MongoClientSettingsConfiguration.class]: Failed to instantiate [org.springframework.boot.autoconfigure.mongo.StandardMongoClientSettingsBuilderCustomizer]: Factory method 'standardMongoSettingsCustomizer' threw exception with message: Failed looking up TXT record for host bookdb.2dixccw.mongodb.net
	at org.springframework.beans.factory.support.ConstructorResolver.instantiate(ConstructorResolver.java:648) ~[spring-beans-6.1.8.jar:6.1.8]
	at org.springframework.beans.factory.support.ConstructorResolver.instantiateUsingFactoryMethod(ConstructorResolver.java:636) ~[spring-beans-6.1.8.jar:6.1.8]
	at org.springframework.beans.factory.support.AbstractAutowireCapableBeanFactory.instantiateUsingFactoryMethod(AbstractAutowireCapableBeanFactory.java:1337) ~[spring-beans-6.1.8.jar:6.1.8]
	at org.springframework.beans.factory.support.AbstractAutowireCapableBeanFactory.createBeanInstance(AbstractAutowireCapableBeanFactory.java:1167) ~[spring-beans-6.1.8.jar:6.1.8]
	at org.springframework.beans.factory.support.AbstractAutowireCapableBeanFactory.doCreateBean(AbstractAutowireCapableBeanFactory.java:562) ~[spring-beans-6.1.8.jar:6.1.8]
	at org.springframework.beans.factory.support.AbstractAutowireCapableBeanFactory.createBean(AbstractAutowireCapableBeanFactory.java:522) ~[spring-beans-6.1.8.jar:6.1.8]
	at org.springframework.beans.factory.support.AbstractBeanFactory.lambda$doGetBean$0(AbstractBeanFactory.java:337) ~[spring-beans-6.1.8.jar:6.1.8]
	at org.springframework.beans.factory.support.DefaultSingletonBeanRegistry.getSingleton(DefaultSingletonBeanRegistry.java:234) ~[spring-beans-6.1.8.jar:6.1.8]
	at org.springframework.beans.factory.support.AbstractBeanFactory.doGetBean(AbstractBeanFactory.java:335) ~[spring-beans-6.1.8.jar:6.1.8]
	at org.springframework.beans.factory.support.AbstractBeanFactory.getBean(AbstractBeanFactory.java:200) ~[spring-beans-6.1.8.jar:6.1.8]
	at org.springframework.beans.factory.config.DependencyDescriptor.resolveCandidate(DependencyDescriptor.java:254) ~[spring-beans-6.1.8.jar:6.1.8]
	at org.springframework.beans.factory.support.DefaultListableBeanFactory.addCandidateEntry(DefaultListableBeanFactory.java:1696) ~[spring-beans-6.1.8.jar:6.1.8]
	at org.springframework.beans.factory.support.DefaultListableBeanFactory.findAutowireCandidates(DefaultListableBeanFactory.java:1653) ~[spring-beans-6.1.8.jar:6.1.8]
	at org.springframework.beans.factory.support.DefaultListableBeanFactory.resolveMultipleBeans(DefaultListableBeanFactory.java:1470) ~[spring-beans-6.1.8.jar:6.1.8]
	at org.springframework.beans.factory.support.DefaultListableBeanFactory.doResolveDependency(DefaultListableBeanFactory.java:1392) ~[spring-beans-6.1.8.jar:6.1.8]
	at org.springframework.beans.factory.support.DefaultListableBeanFactory$DependencyObjectProvider.resolveStream(DefaultListableBeanFactory.java:2198) ~[spring-beans-6.1.8.jar:6.1.8]
	at org.springframework.beans.factory.support.DefaultListableBeanFactory$DependencyObjectProvider.orderedStream(DefaultListableBeanFactory.java:2192) ~[spring-beans-6.1.8.jar:6.1.8]
	at org.springframework.boot.autoconfigure.mongo.MongoAutoConfiguration.mongo(MongoAutoConfiguration.java:59) ~[spring-boot-autoconfigure-3.3.0.jar:3.3.0]
	at java.base/jdk.internal.reflect.DirectMethodHandleAccessor.invoke(DirectMethodHandleAccessor.java:103) ~[na:na]
	at java.base/java.lang.reflect.Method.invoke(Method.java:580) ~[na:na]
	at org.springframework.beans.factory.support.SimpleInstantiationStrategy.instantiate(SimpleInstantiationStrategy.java:140) ~[spring-beans-6.1.8.jar:6.1.8]
	... 89 common frames omitted
Caused by: org.springframework.beans.BeanInstantiationException: Failed to instantiate [org.springframework.boot.autoconfigure.mongo.StandardMongoClientSettingsBuilderCustomizer]: Factory method 'standardMongoSettingsCustomizer' threw exception with message: Failed looking up TXT record for host bookdb.2dixccw.mongodb.net
	at org.springframework.beans.factory.support.SimpleInstantiationStrategy.instantiate(SimpleInstantiationStrategy.java:177) ~[spring-beans-6.1.8.jar:6.1.8]
	at org.springframework.beans.factory.support.ConstructorResolver.instantiate(ConstructorResolver.java:644) ~[spring-beans-6.1.8.jar:6.1.8]
	... 109 common frames omitted
Caused by: com.mongodb.MongoConfigurationException: Failed looking up TXT record for host bookdb.2dixccw.mongodb.net
	at com.mongodb.internal.dns.DefaultDnsResolver.resolveAdditionalQueryParametersFromTxtRecords(DefaultDnsResolver.java:137) ~[mongodb-driver-core-5.0.1.jar:na]
	at com.mongodb.ConnectionString.<init>(ConnectionString.java:434) ~[mongodb-driver-core-5.0.1.jar:na]
	at com.mongodb.ConnectionString.<init>(ConnectionString.java:321) ~[mongodb-driver-core-5.0.1.jar:na]
	at org.springframework.boot.autoconfigure.mongo.PropertiesMongoConnectionDetails.getConnectionString(PropertiesMongoConnectionDetails.java:47) ~[spring-boot-autoconfigure-3.3.0.jar:3.3.0]
	at org.springframework.boot.autoconfigure.mongo.MongoAutoConfiguration$MongoClientSettingsConfiguration.standardMongoSettingsCustomizer(MongoAutoConfiguration.java:74) ~[spring-boot-autoconfigure-3.3.0.jar:3.3.0]
	at java.base/jdk.internal.reflect.DirectMethodHandleAccessor.invoke(DirectMethodHandleAccessor.java:103) ~[na:na]
	at java.base/java.lang.reflect.Method.invoke(Method.java:580) ~[na:na]
	at org.springframework.beans.factory.support.SimpleInstantiationStrategy.instantiate(SimpleInstantiationStrategy.java:140) ~[spring-beans-6.1.8.jar:6.1.8]
	... 110 common frames omitted
Caused by: com.mongodb.spi.dns.DnsException: DNS error
	at com.mongodb.internal.dns.JndiDnsClient.getResourceRecordData(JndiDnsClient.java:54) ~[mongodb-driver-core-5.0.1.jar:na]
	at com.mongodb.internal.dns.DefaultDnsResolver.resolveAdditionalQueryParametersFromTxtRecords(DefaultDnsResolver.java:118) ~[mongodb-driver-core-5.0.1.jar:na]
	... 117 common frames omitted
Caused by: javax.naming.CommunicationException: DNS error
	at jdk.naming.dns/com.sun.jndi.dns.DnsClient.query(DnsClient.java:346) ~[jdk.naming.dns:na]
	at jdk.naming.dns/com.sun.jndi.dns.Resolver.query(Resolver.java:81) ~[jdk.naming.dns:na]
	at jdk.naming.dns/com.sun.jndi.dns.DnsContext.c_getAttributes(DnsContext.java:434) ~[jdk.naming.dns:na]
	at java.naming/com.sun.jndi.toolkit.ctx.ComponentDirContext.p_getAttributes(ComponentDirContext.java:235) ~[na:na]
	at java.naming/com.sun.jndi.toolkit.ctx.PartialCompositeDirContext.getAttributes(PartialCompositeDirContext.java:141) ~[na:na]
	at java.naming/com.sun.jndi.toolkit.ctx.PartialCompositeDirContext.getAttributes(PartialCompositeDirContext.java:129) ~[na:na]
	at java.naming/javax.naming.directory.InitialDirContext.getAttributes(InitialDirContext.java:171) ~[na:na]
	at com.mongodb.internal.dns.JndiDnsClient.getResourceRecordData(JndiDnsClient.java:41) ~[mongodb-driver-core-5.0.1.jar:na]
	... 118 common frames omitted
Caused by: java.net.PortUnreachableException: null
	at java.base/sun.nio.ch.DatagramChannelImpl.receive0(Native Method) ~[na:na]
	at java.base/sun.nio.ch.DatagramChannelImpl.receiveIntoNativeBuffer(DatagramChannelImpl.java:814) ~[na:na]
	at java.base/sun.nio.ch.DatagramChannelImpl.receive(DatagramChannelImpl.java:798) ~[na:na]
	at java.base/sun.nio.ch.DatagramChannelImpl.receive(DatagramChannelImpl.java:586) ~[na:na]
	at jdk.naming.dns/com.sun.jndi.dns.DnsClient.blockingReceive(DnsClient.java:494) ~[jdk.naming.dns:na]
	at jdk.naming.dns/com.sun.jndi.dns.DnsClient.doUdpQuery(DnsClient.java:460) ~[jdk.naming.dns:na]
	at jdk.naming.dns/com.sun.jndi.dns.DnsClient.query(DnsClient.java:247) ~[jdk.naming.dns:na]
	... 125 common frames omitted

2024-07-16T10:02:46.332+08:00  INFO 15356 --- [MongoDB] [restartedMain] com.example.mongodb.MongoDbApplication   : Starting MongoDbApplication using Java 22.0.1 with PID 15356 (C:\Users\cyh20\Documents\MiniProject\MiniProjectLibraryRepos\MongoDB\target\classes started by cyh20 in C:\Users\cyh20\Documents\MiniProject\MiniProjectLibraryRepos\MongoDB)
2024-07-16T10:02:46.337+08:00  INFO 15356 --- [MongoDB] [restartedMain] com.example.mongodb.MongoDbApplication   : No active profile set, falling back to 1 default profile: "default"
2024-07-16T10:02:46.438+08:00  INFO 15356 --- [MongoDB] [restartedMain] .e.DevToolsPropertyDefaultsPostProcessor : Devtools property defaults active! Set 'spring.devtools.add-properties' to 'false' to disable
2024-07-16T10:02:46.439+08:00  INFO 15356 --- [MongoDB] [restartedMain] .e.DevToolsPropertyDefaultsPostProcessor : For additional web related logging consider setting the 'logging.level.web' property to 'DEBUG'
2024-07-16T10:02:47.390+08:00  INFO 15356 --- [MongoDB] [restartedMain] .s.d.r.c.RepositoryConfigurationDelegate : Bootstrapping Spring Data MongoDB repositories in DEFAULT mode.
2024-07-16T10:02:47.468+08:00  INFO 15356 --- [MongoDB] [restartedMain] .s.d.r.c.RepositoryConfigurationDelegate : Finished Spring Data repository scanning in 73 ms. Found 1 MongoDB repository interface.
2024-07-16T10:02:48.406+08:00  INFO 15356 --- [MongoDB] [restartedMain] o.s.b.w.embedded.tomcat.TomcatWebServer  : Tomcat initialized with port 8083 (http)
2024-07-16T10:02:48.429+08:00  INFO 15356 --- [MongoDB] [restartedMain] o.apache.catalina.core.StandardService   : Starting service [Tomcat]
2024-07-16T10:02:48.429+08:00  INFO 15356 --- [MongoDB] [restartedMain] o.apache.catalina.core.StandardEngine    : Starting Servlet engine: [Apache Tomcat/10.1.24]
2024-07-16T10:02:48.493+08:00  INFO 15356 --- [MongoDB] [restartedMain] o.a.c.c.C.[Tomcat].[localhost].[/]       : Initializing Spring embedded WebApplicationContext
2024-07-16T10:02:48.494+08:00  INFO 15356 --- [MongoDB] [restartedMain] w.s.c.ServletWebServerApplicationContext : Root WebApplicationContext: initialization completed in 2054 ms
2024-07-16T10:02:48.852+08:00  INFO 15356 --- [MongoDB] [restartedMain] org.mongodb.driver.client                : MongoClient with metadata {"application": {"name": "BookDB"}, "driver": {"name": "mongo-java-driver|sync|spring-boot", "version": "5.0.1"}, "os": {"type": "Windows", "name": "Windows 11", "architecture": "amd64", "version": "10.0"}, "platform": "Java/Oracle Corporation/22.0.1+8-16"} created with settings MongoClientSettings{readPreference=primary, writeConcern=WriteConcern{w=majority, wTimeout=null ms, journal=null}, retryWrites=true, retryReads=true, readConcern=ReadConcern{level=null}, credential=MongoCredential{mechanism=null, userName='projectUser', source='admin', password=<hidden>, mechanismProperties=<hidden>}, transportSettings=null, commandListeners=[], codecRegistry=ProvidersCodecRegistry{codecProviders=[ValueCodecProvider{}, BsonValueCodecProvider{}, DBRefCodecProvider{}, DBObjectCodecProvider{}, DocumentCodecProvider{}, CollectionCodecProvider{}, IterableCodecProvider{}, MapCodecProvider{}, GeoJsonCodecProvider{}, GridFSFileCodecProvider{}, Jsr310CodecProvider{}, JsonObjectCodecProvider{}, BsonCodecProvider{}, EnumCodecProvider{}, com.mongodb.client.model.mql.ExpressionCodecProvider@6dfa157a, com.mongodb.Jep395RecordCodecProvider@3621a5ce, com.mongodb.KotlinCodecProvider@30283259]}, loggerSettings=LoggerSettings{maxDocumentLength=1000}, clusterSettings={hosts=[127.0.0.1:27017], srvHost=bookdb.2dixccw.mongodb.net, srvServiceName=mongodb, mode=MULTIPLE, requiredClusterType=REPLICA_SET, requiredReplicaSetName='atlas-47teg4-shard-0', serverSelector='null', clusterListeners='[]', serverSelectionTimeout='30000 ms', localThreshold='15 ms'}, socketSettings=SocketSettings{connectTimeoutMS=10000, readTimeoutMS=0, receiveBufferSize=0, proxySettings=ProxySettings{host=null, port=null, username=null, password=null}}, heartbeatSocketSettings=SocketSettings{connectTimeoutMS=10000, readTimeoutMS=10000, receiveBufferSize=0, proxySettings=ProxySettings{host=null, port=null, username=null, password=null}}, connectionPoolSettings=ConnectionPoolSettings{maxSize=100, minSize=0, maxWaitTimeMS=120000, maxConnectionLifeTimeMS=0, maxConnectionIdleTimeMS=0, maintenanceInitialDelayMS=0, maintenanceFrequencyMS=60000, connectionPoolListeners=[], maxConnecting=2}, serverSettings=ServerSettings{heartbeatFrequencyMS=10000, minHeartbeatFrequencyMS=500, serverListeners='[]', serverMonitorListeners='[]'}, sslSettings=SslSettings{enabled=true, invalidHostNameAllowed=false, context=null}, applicationName='BookDB', compressorList=[], uuidRepresentation=JAVA_LEGACY, serverApi=null, autoEncryptionSettings=null, dnsClient=null, inetAddressResolver=null, contextProvider=null}
2024-07-16T10:02:48.885+08:00  INFO 15356 --- [MongoDB] [cluster-ClusterId{value='6695d4c8c742735f1b909c1b', description='BookDB'}-srv-bookdb.2dixccw.mongodb.net] org.mongodb.driver.cluster               : Adding discovered server ac-uh6pdvk-shard-00-01.2dixccw.mongodb.net:27017 to client view of cluster
2024-07-16T10:02:48.933+08:00  INFO 15356 --- [MongoDB] [cluster-ClusterId{value='6695d4c8c742735f1b909c1b', description='BookDB'}-srv-bookdb.2dixccw.mongodb.net] org.mongodb.driver.cluster               : Adding discovered server ac-uh6pdvk-shard-00-00.2dixccw.mongodb.net:27017 to client view of cluster
2024-07-16T10:02:48.936+08:00  INFO 15356 --- [MongoDB] [cluster-ClusterId{value='6695d4c8c742735f1b909c1b', description='BookDB'}-srv-bookdb.2dixccw.mongodb.net] org.mongodb.driver.cluster               : Adding discovered server ac-uh6pdvk-shard-00-02.2dixccw.mongodb.net:27017 to client view of cluster
2024-07-16T10:02:49.137+08:00  WARN 15356 --- [MongoDB] [restartedMain] o.s.b.d.a.OptionalLiveReloadServer       : Unable to start LiveReload server
2024-07-16T10:02:50.115+08:00  INFO 15356 --- [MongoDB] [cluster-ClusterId{value='6695d4c8c742735f1b909c1b', description='BookDB'}-ac-uh6pdvk-shard-00-01.2dixccw.mongodb.net:27017] org.mongodb.driver.cluster               : Monitor thread successfully connected to server with description ServerDescription{address=ac-uh6pdvk-shard-00-01.2dixccw.mongodb.net:27017, type=REPLICA_SET_PRIMARY, state=CONNECTED, ok=true, minWireVersion=0, maxWireVersion=21, maxDocumentSize=16777216, logicalSessionTimeoutMinutes=30, roundTripTimeNanos=865939000, setName='atlas-47teg4-shard-0', canonicalAddress=ac-uh6pdvk-shard-00-01.2dixccw.mongodb.net:27017, hosts=[ac-uh6pdvk-shard-00-02.2dixccw.mongodb.net:27017, ac-uh6pdvk-shard-00-00.2dixccw.mongodb.net:27017, ac-uh6pdvk-shard-00-01.2dixccw.mongodb.net:27017], passives=[], arbiters=[], primary='ac-uh6pdvk-shard-00-01.2dixccw.mongodb.net:27017', tagSet=TagSet{[Tag{name='availabilityZone', value='apse1-az2'}, Tag{name='diskState', value='READY'}, Tag{name='nodeType', value='ELECTABLE'}, Tag{name='provider', value='AWS'}, Tag{name='region', value='AP_SOUTHEAST_1'}, Tag{name='workloadType', value='OPERATIONAL'}]}, electionId=7fffffff00000000000000c3, setVersion=18, topologyVersion=TopologyVersion{processId=668e94cf3d3c698480282928, counter=6}, lastWriteDate=Tue Jul 16 10:02:49 SGT 2024, lastUpdateTimeNanos=455459199093300}
2024-07-16T10:02:50.115+08:00  INFO 15356 --- [MongoDB] [cluster-ClusterId{value='6695d4c8c742735f1b909c1b', description='BookDB'}-ac-uh6pdvk-shard-00-02.2dixccw.mongodb.net:27017] org.mongodb.driver.cluster               : Monitor thread successfully connected to server with description ServerDescription{address=ac-uh6pdvk-shard-00-02.2dixccw.mongodb.net:27017, type=REPLICA_SET_SECONDARY, state=CONNECTED, ok=true, minWireVersion=0, maxWireVersion=21, maxDocumentSize=16777216, logicalSessionTimeoutMinutes=30, roundTripTimeNanos=862075400, setName='atlas-47teg4-shard-0', canonicalAddress=ac-uh6pdvk-shard-00-02.2dixccw.mongodb.net:27017, hosts=[ac-uh6pdvk-shard-00-02.2dixccw.mongodb.net:27017, ac-uh6pdvk-shard-00-00.2dixccw.mongodb.net:27017, ac-uh6pdvk-shard-00-01.2dixccw.mongodb.net:27017], passives=[], arbiters=[], primary='ac-uh6pdvk-shard-00-01.2dixccw.mongodb.net:27017', tagSet=TagSet{[Tag{name='availabilityZone', value='apse1-az3'}, Tag{name='diskState', value='READY'}, Tag{name='nodeType', value='ELECTABLE'}, Tag{name='provider', value='AWS'}, Tag{name='region', value='AP_SOUTHEAST_1'}, Tag{name='workloadType', value='OPERATIONAL'}]}, electionId=null, setVersion=18, topologyVersion=TopologyVersion{processId=668e95236c94b4e8548043e0, counter=3}, lastWriteDate=Tue Jul 16 10:02:49 SGT 2024, lastUpdateTimeNanos=455459199069900}
2024-07-16T10:02:50.119+08:00  INFO 15356 --- [MongoDB] [cluster-ClusterId{value='6695d4c8c742735f1b909c1b', description='BookDB'}-ac-uh6pdvk-shard-00-00.2dixccw.mongodb.net:27017] org.mongodb.driver.cluster               : Monitor thread successfully connected to server with description ServerDescription{address=ac-uh6pdvk-shard-00-00.2dixccw.mongodb.net:27017, type=REPLICA_SET_SECONDARY, state=CONNECTED, ok=true, minWireVersion=0, maxWireVersion=21, maxDocumentSize=16777216, logicalSessionTimeoutMinutes=30, roundTripTimeNanos=865908000, setName='atlas-47teg4-shard-0', canonicalAddress=ac-uh6pdvk-shard-00-00.2dixccw.mongodb.net:27017, hosts=[ac-uh6pdvk-shard-00-02.2dixccw.mongodb.net:27017, ac-uh6pdvk-shard-00-00.2dixccw.mongodb.net:27017, ac-uh6pdvk-shard-00-01.2dixccw.mongodb.net:27017], passives=[], arbiters=[], primary='ac-uh6pdvk-shard-00-01.2dixccw.mongodb.net:27017', tagSet=TagSet{[Tag{name='availabilityZone', value='apse1-az1'}, Tag{name='diskState', value='READY'}, Tag{name='nodeType', value='ELECTABLE'}, Tag{name='provider', value='AWS'}, Tag{name='region', value='AP_SOUTHEAST_1'}, Tag{name='workloadType', value='OPERATIONAL'}]}, electionId=null, setVersion=18, topologyVersion=TopologyVersion{processId=668e947d0ae27bb32de1431a, counter=4}, lastWriteDate=Tue Jul 16 10:02:49 SGT 2024, lastUpdateTimeNanos=455459199069900}
2024-07-16T10:02:50.132+08:00  INFO 15356 --- [MongoDB] [cluster-ClusterId{value='6695d4c8c742735f1b909c1b', description='BookDB'}-ac-uh6pdvk-shard-00-01.2dixccw.mongodb.net:27017] org.mongodb.driver.cluster               : Discovered replica set primary ac-uh6pdvk-shard-00-01.2dixccw.mongodb.net:27017 with max election id 7fffffff00000000000000c3 and max set version 18
2024-07-16T10:02:51.223+08:00  INFO 15356 --- [MongoDB] [restartedMain] o.s.b.w.embedded.tomcat.TomcatWebServer  : Tomcat started on port 8083 (http) with context path '/'
2024-07-16T10:02:51.242+08:00  INFO 15356 --- [MongoDB] [restartedMain] com.example.mongodb.MongoDbApplication   : Started MongoDbApplication in 5.655 seconds (process running for 6.596)
2024-07-16T10:08:00.626+08:00  INFO 15356 --- [MongoDB] [http-nio-8083-exec-1] o.a.c.c.C.[Tomcat].[localhost].[/]       : Initializing Spring DispatcherServlet 'dispatcherServlet'
2024-07-16T10:08:00.627+08:00  INFO 15356 --- [MongoDB] [http-nio-8083-exec-1] o.s.web.servlet.DispatcherServlet        : Initializing Servlet 'dispatcherServlet'
2024-07-16T10:08:00.628+08:00  INFO 15356 --- [MongoDB] [http-nio-8083-exec-1] o.s.web.servlet.DispatcherServlet        : Completed initialization in 1 ms
2024-07-16T10:13:32.888+08:00  INFO 14900 --- [MongoDB] [restartedMain] com.example.mongodb.MongoDbApplication   : Starting MongoDbApplication using Java 22.0.1 with PID 14900 (C:\Users\cyh20\Documents\MiniProject\MiniProjectLibraryRepos\MongoDB\target\classes started by cyh20 in C:\Users\cyh20\Documents\MiniProject\MiniProjectLibraryRepos\MongoDB)
2024-07-16T10:13:32.892+08:00  INFO 14900 --- [MongoDB] [restartedMain] com.example.mongodb.MongoDbApplication   : No active profile set, falling back to 1 default profile: "default"
2024-07-16T10:13:33.010+08:00  INFO 14900 --- [MongoDB] [restartedMain] .e.DevToolsPropertyDefaultsPostProcessor : Devtools property defaults active! Set 'spring.devtools.add-properties' to 'false' to disable
2024-07-16T10:13:33.011+08:00  INFO 14900 --- [MongoDB] [restartedMain] .e.DevToolsPropertyDefaultsPostProcessor : For additional web related logging consider setting the 'logging.level.web' property to 'DEBUG'
2024-07-16T10:13:34.236+08:00  INFO 14900 --- [MongoDB] [restartedMain] .s.d.r.c.RepositoryConfigurationDelegate : Bootstrapping Spring Data MongoDB repositories in DEFAULT mode.
2024-07-16T10:13:34.348+08:00  INFO 14900 --- [MongoDB] [restartedMain] .s.d.r.c.RepositoryConfigurationDelegate : Finished Spring Data repository scanning in 101 ms. Found 1 MongoDB repository interface.
2024-07-16T10:13:35.330+08:00  INFO 14900 --- [MongoDB] [restartedMain] o.s.b.w.embedded.tomcat.TomcatWebServer  : Tomcat initialized with port 8083 (http)
2024-07-16T10:13:35.351+08:00  INFO 14900 --- [MongoDB] [restartedMain] o.apache.catalina.core.StandardService   : Starting service [Tomcat]
2024-07-16T10:13:35.352+08:00  INFO 14900 --- [MongoDB] [restartedMain] o.apache.catalina.core.StandardEngine    : Starting Servlet engine: [Apache Tomcat/10.1.24]
2024-07-16T10:13:35.430+08:00  INFO 14900 --- [MongoDB] [restartedMain] o.a.c.c.C.[Tomcat].[localhost].[/]       : Initializing Spring embedded WebApplicationContext
2024-07-16T10:13:35.431+08:00  INFO 14900 --- [MongoDB] [restartedMain] w.s.c.ServletWebServerApplicationContext : Root WebApplicationContext: initialization completed in 2419 ms
2024-07-16T10:13:35.798+08:00  INFO 14900 --- [MongoDB] [cluster-ClusterId{value='6695d74f79a0030f172d66a4', description='BookDB'}-srv-bookdb.2dixccw.mongodb.net] org.mongodb.driver.cluster               : Adding discovered server ac-uh6pdvk-shard-00-01.2dixccw.mongodb.net:27017 to client view of cluster
2024-07-16T10:13:35.810+08:00  INFO 14900 --- [MongoDB] [restartedMain] org.mongodb.driver.client                : MongoClient with metadata {"application": {"name": "BookDB"}, "driver": {"name": "mongo-java-driver|sync|spring-boot", "version": "5.0.1"}, "os": {"type": "Windows", "name": "Windows 11", "architecture": "amd64", "version": "10.0"}, "platform": "Java/Oracle Corporation/22.0.1+8-16"} created with settings MongoClientSettings{readPreference=primary, writeConcern=WriteConcern{w=majority, wTimeout=null ms, journal=null}, retryWrites=true, retryReads=true, readConcern=ReadConcern{level=null}, credential=MongoCredential{mechanism=null, userName='projectUser', source='admin', password=<hidden>, mechanismProperties=<hidden>}, transportSettings=null, commandListeners=[], codecRegistry=ProvidersCodecRegistry{codecProviders=[ValueCodecProvider{}, BsonValueCodecProvider{}, DBRefCodecProvider{}, DBObjectCodecProvider{}, DocumentCodecProvider{}, CollectionCodecProvider{}, IterableCodecProvider{}, MapCodecProvider{}, GeoJsonCodecProvider{}, GridFSFileCodecProvider{}, Jsr310CodecProvider{}, JsonObjectCodecProvider{}, BsonCodecProvider{}, EnumCodecProvider{}, com.mongodb.client.model.mql.ExpressionCodecProvider@641e22ce, com.mongodb.Jep395RecordCodecProvider@298a601c, com.mongodb.KotlinCodecProvider@5cdcebdb]}, loggerSettings=LoggerSettings{maxDocumentLength=1000}, clusterSettings={hosts=[127.0.0.1:27017], srvHost=bookdb.2dixccw.mongodb.net, srvServiceName=mongodb, mode=MULTIPLE, requiredClusterType=REPLICA_SET, requiredReplicaSetName='atlas-47teg4-shard-0', serverSelector='null', clusterListeners='[]', serverSelectionTimeout='30000 ms', localThreshold='15 ms'}, socketSettings=SocketSettings{connectTimeoutMS=10000, readTimeoutMS=0, receiveBufferSize=0, proxySettings=ProxySettings{host=null, port=null, username=null, password=null}}, heartbeatSocketSettings=SocketSettings{connectTimeoutMS=10000, readTimeoutMS=10000, receiveBufferSize=0, proxySettings=ProxySettings{host=null, port=null, username=null, password=null}}, connectionPoolSettings=ConnectionPoolSettings{maxSize=100, minSize=0, maxWaitTimeMS=120000, maxConnectionLifeTimeMS=0, maxConnectionIdleTimeMS=0, maintenanceInitialDelayMS=0, maintenanceFrequencyMS=60000, connectionPoolListeners=[], maxConnecting=2}, serverSettings=ServerSettings{heartbeatFrequencyMS=10000, minHeartbeatFrequencyMS=500, serverListeners='[]', serverMonitorListeners='[]'}, sslSettings=SslSettings{enabled=true, invalidHostNameAllowed=false, context=null}, applicationName='BookDB', compressorList=[], uuidRepresentation=JAVA_LEGACY, serverApi=null, autoEncryptionSettings=null, dnsClient=null, inetAddressResolver=null, contextProvider=null}
2024-07-16T10:13:35.835+08:00  INFO 14900 --- [MongoDB] [cluster-ClusterId{value='6695d74f79a0030f172d66a4', description='BookDB'}-srv-bookdb.2dixccw.mongodb.net] org.mongodb.driver.cluster               : Adding discovered server ac-uh6pdvk-shard-00-00.2dixccw.mongodb.net:27017 to client view of cluster
2024-07-16T10:13:35.839+08:00  INFO 14900 --- [MongoDB] [cluster-ClusterId{value='6695d74f79a0030f172d66a4', description='BookDB'}-srv-bookdb.2dixccw.mongodb.net] org.mongodb.driver.cluster               : Adding discovered server ac-uh6pdvk-shard-00-02.2dixccw.mongodb.net:27017 to client view of cluster
2024-07-16T10:13:36.091+08:00  WARN 14900 --- [MongoDB] [restartedMain] o.s.b.d.a.OptionalLiveReloadServer       : Unable to start LiveReload server
2024-07-16T10:13:37.206+08:00  INFO 14900 --- [MongoDB] [cluster-ClusterId{value='6695d74f79a0030f172d66a4', description='BookDB'}-ac-uh6pdvk-shard-00-01.2dixccw.mongodb.net:27017] org.mongodb.driver.cluster               : Monitor thread successfully connected to server with description ServerDescription{address=ac-uh6pdvk-shard-00-01.2dixccw.mongodb.net:27017, type=REPLICA_SET_PRIMARY, state=CONNECTED, ok=true, minWireVersion=0, maxWireVersion=21, maxDocumentSize=16777216, logicalSessionTimeoutMinutes=30, roundTripTimeNanos=1061170000, setName='atlas-47teg4-shard-0', canonicalAddress=ac-uh6pdvk-shard-00-01.2dixccw.mongodb.net:27017, hosts=[ac-uh6pdvk-shard-00-02.2dixccw.mongodb.net:27017, ac-uh6pdvk-shard-00-00.2dixccw.mongodb.net:27017, ac-uh6pdvk-shard-00-01.2dixccw.mongodb.net:27017], passives=[], arbiters=[], primary='ac-uh6pdvk-shard-00-01.2dixccw.mongodb.net:27017', tagSet=TagSet{[Tag{name='availabilityZone', value='apse1-az2'}, Tag{name='diskState', value='READY'}, Tag{name='nodeType', value='ELECTABLE'}, Tag{name='provider', value='AWS'}, Tag{name='region', value='AP_SOUTHEAST_1'}, Tag{name='workloadType', value='OPERATIONAL'}]}, electionId=7fffffff00000000000000c3, setVersion=18, topologyVersion=TopologyVersion{processId=668e94cf3d3c698480282928, counter=6}, lastWriteDate=Tue Jul 16 10:13:36 SGT 2024, lastUpdateTimeNanos=456106293539900}
2024-07-16T10:13:37.206+08:00  INFO 14900 --- [MongoDB] [cluster-ClusterId{value='6695d74f79a0030f172d66a4', description='BookDB'}-ac-uh6pdvk-shard-00-02.2dixccw.mongodb.net:27017] org.mongodb.driver.cluster               : Monitor thread successfully connected to server with description ServerDescription{address=ac-uh6pdvk-shard-00-02.2dixccw.mongodb.net:27017, type=REPLICA_SET_SECONDARY, state=CONNECTED, ok=true, minWireVersion=0, maxWireVersion=21, maxDocumentSize=16777216, logicalSessionTimeoutMinutes=30, roundTripTimeNanos=1063042700, setName='atlas-47teg4-shard-0', canonicalAddress=ac-uh6pdvk-shard-00-02.2dixccw.mongodb.net:27017, hosts=[ac-uh6pdvk-shard-00-02.2dixccw.mongodb.net:27017, ac-uh6pdvk-shard-00-00.2dixccw.mongodb.net:27017, ac-uh6pdvk-shard-00-01.2dixccw.mongodb.net:27017], passives=[], arbiters=[], primary='ac-uh6pdvk-shard-00-01.2dixccw.mongodb.net:27017', tagSet=TagSet{[Tag{name='availabilityZone', value='apse1-az3'}, Tag{name='diskState', value='READY'}, Tag{name='nodeType', value='ELECTABLE'}, Tag{name='provider', value='AWS'}, Tag{name='region', value='AP_SOUTHEAST_1'}, Tag{name='workloadType', value='OPERATIONAL'}]}, electionId=null, setVersion=18, topologyVersion=TopologyVersion{processId=668e95236c94b4e8548043e0, counter=3}, lastWriteDate=Tue Jul 16 10:13:36 SGT 2024, lastUpdateTimeNanos=456106295615500}
2024-07-16T10:13:37.207+08:00  INFO 14900 --- [MongoDB] [cluster-ClusterId{value='6695d74f79a0030f172d66a4', description='BookDB'}-ac-uh6pdvk-shard-00-00.2dixccw.mongodb.net:27017] org.mongodb.driver.cluster               : Monitor thread successfully connected to server with description ServerDescription{address=ac-uh6pdvk-shard-00-00.2dixccw.mongodb.net:27017, type=REPLICA_SET_SECONDARY, state=CONNECTED, ok=true, minWireVersion=0, maxWireVersion=21, maxDocumentSize=16777216, logicalSessionTimeoutMinutes=30, roundTripTimeNanos=1062907800, setName='atlas-47teg4-shard-0', canonicalAddress=ac-uh6pdvk-shard-00-00.2dixccw.mongodb.net:27017, hosts=[ac-uh6pdvk-shard-00-02.2dixccw.mongodb.net:27017, ac-uh6pdvk-shard-00-00.2dixccw.mongodb.net:27017, ac-uh6pdvk-shard-00-01.2dixccw.mongodb.net:27017], passives=[], arbiters=[], primary='ac-uh6pdvk-shard-00-01.2dixccw.mongodb.net:27017', tagSet=TagSet{[Tag{name='availabilityZone', value='apse1-az1'}, Tag{name='diskState', value='READY'}, Tag{name='nodeType', value='ELECTABLE'}, Tag{name='provider', value='AWS'}, Tag{name='region', value='AP_SOUTHEAST_1'}, Tag{name='workloadType', value='OPERATIONAL'}]}, electionId=null, setVersion=18, topologyVersion=TopologyVersion{processId=668e947d0ae27bb32de1431a, counter=4}, lastWriteDate=Tue Jul 16 10:13:36 SGT 2024, lastUpdateTimeNanos=456106294120800}
2024-07-16T10:13:37.214+08:00  INFO 14900 --- [MongoDB] [cluster-ClusterId{value='6695d74f79a0030f172d66a4', description='BookDB'}-ac-uh6pdvk-shard-00-01.2dixccw.mongodb.net:27017] org.mongodb.driver.cluster               : Discovered replica set primary ac-uh6pdvk-shard-00-01.2dixccw.mongodb.net:27017 with max election id 7fffffff00000000000000c3 and max set version 18
2024-07-16T10:13:38.912+08:00  INFO 14900 --- [MongoDB] [restartedMain] o.s.b.w.embedded.tomcat.TomcatWebServer  : Tomcat started on port 8083 (http) with context path '/'
2024-07-16T10:13:38.932+08:00  INFO 14900 --- [MongoDB] [restartedMain] com.example.mongodb.MongoDbApplication   : Started MongoDbApplication in 7.005 seconds (process running for 7.857)
2024-07-16T10:25:40.549+08:00  INFO 14900 --- [MongoDB] [http-nio-8083-exec-1] o.a.c.c.C.[Tomcat].[localhost].[/]       : Initializing Spring DispatcherServlet 'dispatcherServlet'
2024-07-16T10:25:40.551+08:00  INFO 14900 --- [MongoDB] [http-nio-8083-exec-1] o.s.web.servlet.DispatcherServlet        : Initializing Servlet 'dispatcherServlet'
2024-07-16T10:25:40.553+08:00  INFO 14900 --- [MongoDB] [http-nio-8083-exec-1] o.s.web.servlet.DispatcherServlet        : Completed initialization in 2 ms
